{"meta": {"format": 3, "version": "7.13.5", "timestamp": "2026-03-29T21:16:21.050454", "branch_coverage": false, "show_contexts": false}, "files": {"src/__init__.py": {"executed_lines": [8, 9], "summary": {"covered_lines": 2, "num_statements": 2, "percent_covered": 100.0, "percent_covered_display": "100", "missing_lines": 0, "excluded_lines": 0, "percent_statements_covered": 100.0, "percent_statements_covered_display": "100"}, "missing_lines": [], "excluded_lines": [], "functions": {"": {"executed_lines": [8, 9], "summary": {"covered_lines": 2, "num_statements": 2, "percent_covered": 100.0, "percent_covered_display": "100", "missing_lines": 0, "excluded_lines": 0, "percent_statements_covered": 100.0, "percent_statements_covered_display": "100"}, "missing_lines": [], "excluded_lines": [], "start_line": 1}}, "classes": {"": {"executed_lines": [8, 9], "summary": {"covered_lines": 2, "num_statements": 2, "percent_covered": 100.0, "percent_covered_display": "100", "missing_lines": 0, "excluded_lines": 0, "percent_statements_covered": 100.0, "percent_statements_covered_display": "100"}, "missing_lines": [], "excluded_lines": [], "start_line": 1}}}, "src/api/__init__.py": {"executed_lines": [], "summary": {"covered_lines": 0, "num_statements": 0, "percent_covered": 100.0, "percent_covered_display": "100", "missing_lines": 0, "excluded_lines": 0, "percent_statements_covered": 100.0, "percent_statements_covered_display": "100"}, "missing_lines": [], "excluded_lines": [], "functions": {"": {"executed_lines": [], "summary": {"covered_lines": 0, "num_statements": 0, "percent_covered": 100.0, "percent_covered_display": "100", "missing_lines": 0, "excluded_lines": 0, "percent_statements_covered": 100.0, "percent_statements_covered_display": "100"}, "missing_lines": [], "excluded_lines": [], "start_line": 1}}, "classes": {"": {"executed_lines": [], "summary": {"covered_lines": 0, "num_statements": 0, "percent_covered": 100.0, "percent_covered_display": "100", "missing_lines": 0, "excluded_lines": 0, "percent_statements_covered": 100.0, "percent_statements_covered_display": "100"}, "missing_lines": [], "excluded_lines": [], "start_line": 1}}}, "src/api/long_rides_api.py": {"executed_lines": [], "summary": {"covered_lines": 0, "num_statements": 96, "percent_covered": 0.0, "percent_covered_display": "0", "missing_lines": 96, "excluded_lines": 0, "percent_statements_covered": 0.0, "percent_statements_covered_display": "0"}, "missing_lines": [7, 8, 9, 10, 11, 12, 14, 15, 16, 18, 21, 24, 32, 33, 35, 36, 37, 38, 41, 43, 46, 47, 49, 54, 55, 71, 73, 74, 75, 76, 77, 78, 79, 82, 83, 85, 86, 89, 90, 93, 94, 95, 96, 98, 101, 102, 103, 108, 111, 114, 115, 116, 129, 135, 136, 140, 141, 142, 147, 148, 160, 161, 162, 164, 165, 171, 173, 174, 179, 186, 187, 188, 192, 193, 194, 199, 200, 211, 212, 213, 215, 216, 222, 224, 225, 230, 241, 242, 246, 247, 248, 253, 262, 263, 266, 277], "excluded_lines": [], "functions": {"LongRidesAPI.__init__": {"executed_lines": [], "summary": {"covered_lines": 0, "num_statements": 7, "percent_covered": 0.0, "percent_covered_display": "0", "missing_lines": 7, "excluded_lines": 0, "percent_statements_covered": 0.0, "percent_statements_covered_display": "0"}, "missing_lines": [32, 33, 35, 36, 37, 38, 41], "excluded_lines": [], "start_line": 24}, "LongRidesAPI._register_routes": {"executed_lines": [], "summary": {"covered_lines": 0, "num_statements": 8, "percent_covered": 0.0, "percent_covered_display": "0", "missing_lines": 8, "excluded_lines": 0, "percent_statements_covered": 0.0, "percent_statements_covered_display": "0"}, "missing_lines": [46, 47, 54, 55, 147, 148, 199, 200], "excluded_lines": [], "start_line": 43}, "LongRidesAPI._register_routes.health_check": {"executed_lines": [], "summary": {"covered_lines": 0, "num_statements": 1, "percent_covered": 0.0, "percent_covered_display": "0", "missing_lines": 1, "excluded_lines": 0, "percent_statements_covered": 0.0, "percent_statements_covered_display": "0"}, "missing_lines": [49], "excluded_lines": [], "start_line": 47}, "LongRidesAPI._register_routes.get_recommendations": {"executed_lines": [], "summary": {"covered_lines": 0, "num_statements": 33, "percent_covered": 0.0, "percent_covered_display": "0", "missing_lines": 33, "excluded_lines": 0, "percent_statements_covered": 0.0, "percent_statements_covered_display": "0"}, "missing_lines": [71, 73, 74, 75, 76, 77, 78, 79, 82, 83, 85, 86, 89, 90, 93, 94, 95, 96, 98, 101, 102, 103, 108, 111, 114, 115, 116, 129, 135, 136, 140, 141, 142], "excluded_lines": [], "start_line": 55}, "LongRidesAPI._register_routes.geocode_location": {"executed_lines": [], "summary": {"covered_lines": 0, "num_statements": 15, "percent_covered": 0.0, "percent_covered_display": "0", "missing_lines": 15, "excluded_lines": 0, "percent_statements_covered": 0.0, "percent_statements_covered_display": "0"}, "missing_lines": [160, 161, 162, 164, 165, 171, 173, 174, 179, 186, 187, 188, 192, 193, 194], "excluded_lines": [], "start_line": 148}, "LongRidesAPI._register_routes.get_weather": {"executed_lines": [], "summary": {"covered_lines": 0, "num_statements": 14, "percent_covered": 0.0, "percent_covered_display": "0", "missing_lines": 14, "excluded_lines": 0, "percent_statements_covered": 0.0, "percent_statements_covered_display": "0"}, "missing_lines": [211, 212, 213, 215, 216, 222, 224, 225, 230, 241, 242, 246, 247, 248], "excluded_lines": [], "start_line": 200}, "LongRidesAPI.run": {"executed_lines": [], "summary": {"covered_lines": 0, "num_statements": 2, "percent_covered": 0.0, "percent_covered_display": "0", "missing_lines": 2, "excluded_lines": 0, "percent_statements_covered": 0.0, "percent_statements_covered_display": "0"}, "missing_lines": [262, 263], "excluded_lines": [], "start_line": 253}, "create_api": {"executed_lines": [], "summary": {"covered_lines": 0, "num_statements": 1, "percent_covered": 0.0, "percent_covered_display": "0", "missing_lines": 1, "excluded_lines": 0, "percent_statements_covered": 0.0, "percent_statements_covered_display": "0"}, "missing_lines": [277], "excluded_lines": [], "start_line": 266}, "": {"executed_lines": [], "summary": {"covered_lines": 0, "num_statements": 15, "percent_covered": 0.0, "percent_covered_display": "0", "missing_lines": 15, "excluded_lines": 0, "percent_statements_covered": 0.0, "percent_statements_covered_display": "0"}, "missing_lines": [7, 8, 9, 10, 11, 12, 14, 15, 16, 18, 21, 24, 43, 253, 266], "excluded_lines": [], "start_line": 1}}, "classes": {"LongRidesAPI": {"executed_lines": [], "summary": {"covered_lines": 0, "num_statements": 80, "percent_covered": 0.0, "percent_covered_display": "0", "missing_lines": 80, "excluded_lines": 0, "percent_statements_covered": 0.0, "percent_statements_covered_display": "0"}, "missing_lines": [32, 33, 35, 36, 37, 38, 41, 46, 47, 49, 54, 55, 71, 73, 74, 75, 76, 77, 78, 79, 82, 83, 85, 86, 89, 90, 93, 94, 95, 96, 98, 101, 102, 103, 108, 111, 114, 115, 116, 129, 135, 136, 140, 141, 142, 147, 148, 160, 161, 162, 164, 165, 171, 173, 174, 179, 186, 187, 188, 192, 193, 194, 199, 200, 211, 212, 213, 215, 216, 222, 224, 225, 230, 241, 242, 246, 247, 248, 262, 263], "excluded_lines": [], "start_line": 21}, "": {"executed_lines": [], "summary": {"covered_lines": 0, "num_statements": 16, "percent_covered": 0.0, "percent_covered_display": "0", "missing_lines": 16, "excluded_lines": 0, "percent_statements_covered": 0.0, "percent_statements_covered_display": "0"}, "missing_lines": [7, 8, 9, 10, 11, 12, 14, 15, 16, 18, 21, 24, 43, 253, 266, 277], "excluded_lines": [], "start_line": 1}}}, "src/auth.py": {"executed_lines": [13, 14, 15, 16, 17, 18, 19, 20, 22, 24, 27, 45, 46, 47, 48, 49, 50, 51, 52, 53, 54, 55, 56, 57, 58, 61, 62, 63, 64, 65, 66, 67, 68, 69, 70, 71, 72, 73, 74, 75, 77, 78, 79, 80, 81, 82, 83, 84, 85, 86, 87, 89, 90, 93, 96, 112, 113, 114, 115, 116, 117, 118, 120, 127, 128, 133, 135, 145, 146, 152, 158, 168, 169, 175, 181, 188, 190, 191, 193, 195, 202, 203, 205, 206, 208, 210, 218, 219, 220, 222, 223, 224, 225, 226, 227, 228, 229, 230, 231, 233, 235, 236, 239, 240, 243, 244, 247, 249, 250, 251, 258, 261, 262, 265, 267, 268, 270, 321, 328, 330, 331, 334, 335, 336, 337, 338, 340, 341, 344, 355, 356, 357, 359, 367], "summary": {"covered_lines": 134, "num_statements": 160, "percent_covered": 83.75, "percent_covered_display": "84", "missing_lines": 26, "excluded_lines": 0, "percent_statements_covered": 83.75, "percent_statements_covered_display": "84"}, "missing_lines": [245, 252, 254, 255, 277, 279, 280, 282, 283, 285, 286, 289, 290, 291, 292, 301, 302, 304, 306, 309, 310, 313, 314, 316, 317, 319], "excluded_lines": [], "functions": {"validate_strava_credentials": {"executed_lines": [45, 46, 47, 48, 49, 50, 51, 52, 53, 54, 55, 56, 57, 58, 61, 62, 63, 64, 65, 66, 67, 68, 69, 70, 71, 72, 73, 74, 75, 77, 78, 79, 80, 81, 82, 83, 84, 85, 86, 87, 89, 90], "summary": {"covered_lines": 42, "num_statements": 42, "percent_covered": 100.0, "percent_covered_display": "100", "missing_lines": 0, "excluded_lines": 0, "percent_statements_covered": 100.0, "percent_statements_covered_display": "100"}, "missing_lines": [], "excluded_lines": [], "start_line": 27}, "StravaAuthenticator.__init__": {"executed_lines": [112, 113, 114, 115, 116, 117, 118], "summary": {"covered_lines": 7, "num_statements": 7, "percent_covered": 100.0, "percent_covered_display": "100", "missing_lines": 0, "excluded_lines": 0, "percent_statements_covered": 100.0, "percent_statements_covered_display": "100"}, "missing_lines": [], "excluded_lines": [], "start_line": 96}, "StravaAuthenticator.get_authorization_url": {"executed_lines": [127, 128, 133], "summary": {"covered_lines": 3, "num_statements": 3, "percent_covered": 100.0, "percent_covered_display": "100", "missing_lines": 0, "excluded_lines": 0, "percent_statements_covered": 100.0, "percent_statements_covered_display": "100"}, "missing_lines": [], "excluded_lines": [], "start_line": 120}, "StravaAuthenticator.exchange_code_for_token": {"executed_lines": [145, 146, 152], "summary": {"covered_lines": 3, "num_statements": 3, "percent_covered": 100.0, "percent_covered_display": "100", "missing_lines": 0, "excluded_lines": 0, "percent_statements_covered": 100.0, "percent_statements_covered_display": "100"}, "missing_lines": [], "excluded_lines": [], "start_line": 135}, "StravaAuthenticator.refresh_access_token": {"executed_lines": [168, 169, 175], "summary": {"covered_lines": 3, "num_statements": 3, "percent_covered": 100.0, "percent_covered_display": "100", "missing_lines": 0, "excluded_lines": 0, "percent_statements_covered": 100.0, "percent_statements_covered_display": "100"}, "missing_lines": [], "excluded_lines": [], "start_line": 158}, "StravaAuthenticator.save_tokens": {"executed_lines": [188, 190, 191, 193], "summary": {"covered_lines": 4, "num_statements": 4, "percent_covered": 100.0, "percent_covered_display": "100", "missing_lines": 0, "excluded_lines": 0, "percent_statements_covered": 100.0, "percent_statements_covered_display": "100"}, "missing_lines": [], "excluded_lines": [], "start_line": 181}, "StravaAuthenticator.load_tokens": {"executed_lines": [202, 203, 205, 206, 208], "summary": {"covered_lines": 5, "num_statements": 5, "percent_covered": 100.0, "percent_covered_display": "100", "missing_lines": 0, "excluded_lines": 0, "percent_statements_covered": 100.0, "percent_statements_covered_display": "100"}, "missing_lines": [], "excluded_lines": [], "start_line": 195}, "StravaAuthenticator.authenticate": {"executed_lines": [218, 219, 220, 222, 223, 224, 225, 226, 227, 228, 229, 230, 231, 233, 235, 236, 239, 240, 243, 244, 247, 249, 250, 251, 258, 261, 262, 265, 267, 268], "summary": {"covered_lines": 30, "num_statements": 34, "percent_covered": 88.23529411764706, "percent_covered_display": "88", "missing_lines": 4, "excluded_lines": 0, "percent_statements_covered": 88.23529411764706, "percent_statements_covered_display": "88"}, "missing_lines": [245, 252, 254, 255], "excluded_lines": [], "start_line": 210}, "StravaAuthenticator._wait_for_callback": {"executed_lines": [], "summary": {"covered_lines": 0, "num_statements": 11, "percent_covered": 0.0, "percent_covered_display": "0", "missing_lines": 11, "excluded_lines": 0, "percent_statements_covered": 0.0, "percent_statements_covered_display": "0"}, "missing_lines": [277, 279, 280, 304, 309, 310, 313, 314, 316, 317, 319], "excluded_lines": [], "start_line": 270}, "StravaAuthenticator._wait_for_callback.CallbackHandler.do_GET": {"executed_lines": [], "summary": {"covered_lines": 0, "num_statements": 10, "percent_covered": 0.0, "percent_covered_display": "0", "missing_lines": 10, "excluded_lines": 0, "percent_statements_covered": 0.0, "percent_statements_covered_display": "0"}, "missing_lines": [282, 283, 285, 286, 289, 290, 291, 292, 301, 302], "excluded_lines": [], "start_line": 280}, "StravaAuthenticator._wait_for_callback.CallbackHandler.log_message": {"executed_lines": [], "summary": {"covered_lines": 0, "num_statements": 1, "percent_covered": 0.0, "percent_covered_display": "0", "missing_lines": 1, "excluded_lines": 0, "percent_statements_covered": 0.0, "percent_statements_covered_display": "0"}, "missing_lines": [306], "excluded_lines": [], "start_line": 304}, "StravaAuthenticator.get_authenticated_client": {"executed_lines": [328, 330, 331, 334, 335, 336, 337, 338, 340, 341], "summary": {"covered_lines": 10, "num_statements": 10, "percent_covered": 100.0, "percent_covered_display": "100", "missing_lines": 0, "excluded_lines": 0, "percent_statements_covered": 100.0, "percent_statements_covered_display": "100"}, "missing_lines": [], "excluded_lines": [], "start_line": 321}, "get_authenticated_client": {"executed_lines": [355, 356, 357, 359, 367], "summary": {"covered_lines": 5, "num_statements": 5, "percent_covered": 100.0, "percent_covered_display": "100", "missing_lines": 0, "excluded_lines": 0, "percent_statements_covered": 100.0, "percent_statements_covered_display": "100"}, "missing_lines": [], "excluded_lines": [], "start_line": 344}, "": {"executed_lines": [13, 14, 15, 16, 17, 18, 19, 20, 22, 24, 27, 93, 96, 120, 135, 158, 181, 195, 210, 270, 321, 344], "summary": {"covered_lines": 22, "num_statements": 22, "percent_covered": 100.0, "percent_covered_display": "100", "missing_lines": 0, "excluded_lines": 0, "percent_statements_covered": 100.0, "percent_statements_covered_display": "100"}, "missing_lines": [], "excluded_lines": [], "start_line": 1}}, "classes": {"StravaAuthenticator": {"executed_lines": [112, 113, 114, 115, 116, 117, 118, 127, 128, 133, 145, 146, 152, 168, 169, 175, 188, 190, 191, 193, 202, 203, 205, 206, 208, 218, 219, 220, 222, 223, 224, 225, 226, 227, 228, 229, 230, 231, 233, 235, 236, 239, 240, 243, 244, 247, 249, 250, 251, 258, 261, 262, 265, 267, 268, 328, 330, 331, 334, 335, 336, 337, 338, 340, 341], "summary": {"covered_lines": 65, "num_statements": 80, "percent_covered": 81.25, "percent_covered_display": "81", "missing_lines": 15, "excluded_lines": 0, "percent_statements_covered": 81.25, "percent_statements_covered_display": "81"}, "missing_lines": [245, 252, 254, 255, 277, 279, 280, 304, 309, 310, 313, 314, 316, 317, 319], "excluded_lines": [], "start_line": 93}, "StravaAuthenticator._wait_for_callback.CallbackHandler": {"executed_lines": [], "summary": {"covered_lines": 0, "num_statements": 11, "percent_covered": 0.0, "percent_covered_display": "0", "missing_lines": 11, "excluded_lines": 0, "percent_statements_covered": 0.0, "percent_statements_covered_display": "0"}, "missing_lines": [282, 283, 285, 286, 289, 290, 291, 292, 301, 302, 306], "excluded_lines": [], "start_line": 279}, "": {"executed_lines": [13, 14, 15, 16, 17, 18, 19, 20, 22, 24, 27, 45, 46, 47, 48, 49, 50, 51, 52, 53, 54, 55, 56, 57, 58, 61, 62, 63, 64, 65, 66, 67, 68, 69, 70, 71, 72, 73, 74, 75, 77, 78, 79, 80, 81, 82, 83, 84, 85, 86, 87, 89, 90, 93, 96, 120, 135, 158, 181, 195, 210, 270, 321, 344, 355, 356, 357, 359, 367], "summary": {"covered_lines": 69, "num_statements": 69, "percent_covered": 100.0, "percent_covered_display": "100", "missing_lines": 0, "excluded_lines": 0, "percent_statements_covered": 100.0, "percent_statements_covered_display": "100"}, "missing_lines": [], "excluded_lines": [], "start_line": 1}}}, "src/auth_secure.py": {"executed_lines": [], "summary": {"covered_lines": 0, "num_statements": 258, "percent_covered": 0.0, "percent_covered_display": "0", "missing_lines": 258, "excluded_lines": 0, "percent_statements_covered": 0.0, "percent_statements_covered_display": "0"}, "missing_lines": [16, 17, 18, 19, 20, 21, 22, 23, 24, 25, 26, 27, 28, 29, 31, 32, 34, 37, 38, 41, 44, 45, 46, 48, 49, 52, 53, 55, 57, 59, 60, 63, 78, 79, 80, 81, 82, 83, 84, 85, 86, 87, 88, 89, 90, 91, 92, 95, 96, 97, 98, 99, 100, 101, 102, 103, 104, 105, 106, 107, 108, 109, 110, 112, 113, 114, 115, 116, 117, 118, 119, 120, 121, 122, 123, 125, 126, 127, 130, 133, 140, 143, 144, 146, 147, 148, 149, 150, 151, 152, 153, 154, 156, 158, 166, 169, 170, 173, 174, 177, 179, 180, 185, 192, 193, 195, 196, 197, 200, 201, 203, 207, 209, 210, 211, 215, 218, 222, 223, 224, 227, 228, 230, 233, 236, 237, 242, 243, 244, 245, 246, 247, 251, 253, 256, 257, 260, 261, 262, 263, 264, 265, 270, 272, 273, 274, 275, 276, 277, 278, 282, 285, 286, 287, 288, 291, 292, 293, 294, 309, 314, 315, 316, 317, 318, 324, 326, 327, 328, 329, 330, 331, 333, 335, 338, 341, 351, 352, 353, 354, 355, 358, 360, 367, 370, 372, 379, 382, 384, 394, 395, 403, 404, 406, 408, 414, 417, 419, 429, 430, 436, 442, 445, 447, 449, 451, 453, 455, 462, 465, 466, 467, 469, 470, 471, 472, 473, 474, 478, 481, 482, 485, 486, 489, 492, 493, 496, 498, 499, 503, 505, 512, 515, 516, 519, 520, 521, 527, 528, 530, 531, 535, 537, 539, 546, 548, 549, 552, 553, 554, 555, 556, 560, 565, 566, 569, 579, 584], "excluded_lines": [], "functions": {"setup_security_logging": {"executed_lines": [], "summary": {"covered_lines": 0, "num_statements": 8, "percent_covered": 0.0, "percent_covered_display": "0", "missing_lines": 8, "excluded_lines": 0, "percent_statements_covered": 0.0, "percent_statements_covered_display": "0"}, "missing_lines": [44, 45, 46, 48, 49, 52, 53, 55], "excluded_lines": [], "start_line": 41}, "log_security_event": {"executed_lines": [], "summary": {"covered_lines": 0, "num_statements": 2, "percent_covered": 0.0, "percent_covered_display": "0", "missing_lines": 2, "excluded_lines": 0, "percent_statements_covered": 0.0, "percent_statements_covered_display": "0"}, "missing_lines": [59, 60], "excluded_lines": [], "start_line": 57}, "validate_strava_credentials": {"executed_lines": [], "summary": {"covered_lines": 0, "num_statements": 46, "percent_covered": 0.0, "percent_covered_display": "0", "missing_lines": 46, "excluded_lines": 0, "percent_statements_covered": 0.0, "percent_statements_covered_display": "0"}, "missing_lines": [78, 79, 80, 81, 82, 83, 84, 85, 86, 87, 88, 89, 90, 91, 92, 95, 96, 97, 98, 99, 100, 101, 102, 103, 104, 105, 106, 107, 108, 109, 110, 112, 113, 114, 115, 116, 117, 118, 119, 120, 121, 122, 123, 125, 126, 127], "excluded_lines": [], "start_line": 63}, "SecureTokenStorage.__init__": {"executed_lines": [], "summary": {"covered_lines": 0, "num_statements": 13, "percent_covered": 0.0, "percent_covered_display": "0", "missing_lines": 13, "excluded_lines": 0, "percent_statements_covered": 0.0, "percent_statements_covered_display": "0"}, "missing_lines": [140, 143, 144, 146, 147, 148, 149, 150, 151, 152, 153, 154, 156], "excluded_lines": [], "start_line": 133}, "SecureTokenStorage.save_tokens": {"executed_lines": [], "summary": {"covered_lines": 0, "num_statements": 8, "percent_covered": 0.0, "percent_covered_display": "0", "missing_lines": 8, "excluded_lines": 0, "percent_statements_covered": 0.0, "percent_statements_covered_display": "0"}, "missing_lines": [166, 169, 170, 173, 174, 177, 179, 180], "excluded_lines": [], "start_line": 158}, "SecureTokenStorage.load_tokens": {"executed_lines": [], "summary": {"covered_lines": 0, "num_statements": 13, "percent_covered": 0.0, "percent_covered_display": "0", "missing_lines": 13, "excluded_lines": 0, "percent_statements_covered": 0.0, "percent_statements_covered_display": "0"}, "missing_lines": [192, 193, 195, 196, 197, 200, 201, 203, 207, 209, 210, 211, 215], "excluded_lines": [], "start_line": 185}, "RateLimitedCallbackHandler.do_GET": {"executed_lines": [], "summary": {"covered_lines": 0, "num_statements": 42, "percent_covered": 0.0, "percent_covered_display": "0", "missing_lines": 42, "excluded_lines": 0, "percent_statements_covered": 0.0, "percent_statements_covered_display": "0"}, "missing_lines": [233, 236, 237, 242, 243, 244, 245, 246, 247, 251, 253, 256, 257, 260, 261, 262, 263, 264, 265, 270, 272, 273, 274, 275, 276, 277, 278, 282, 285, 286, 287, 288, 291, 292, 293, 294, 309, 314, 315, 316, 317, 318], "excluded_lines": [], "start_line": 230}, "RateLimitedCallbackHandler._send_security_headers": {"executed_lines": [], "summary": {"covered_lines": 0, "num_statements": 6, "percent_covered": 0.0, "percent_covered_display": "0", "missing_lines": 6, "excluded_lines": 0, "percent_statements_covered": 0.0, "percent_statements_covered_display": "0"}, "missing_lines": [326, 327, 328, 329, 330, 331], "excluded_lines": [], "start_line": 324}, "RateLimitedCallbackHandler.log_message": {"executed_lines": [], "summary": {"covered_lines": 0, "num_statements": 1, "percent_covered": 0.0, "percent_covered_display": "0", "missing_lines": 1, "excluded_lines": 0, "percent_statements_covered": 0.0, "percent_statements_covered_display": "0"}, "missing_lines": [335], "excluded_lines": [], "start_line": 333}, "SecureStravaAuthenticator.__init__": {"executed_lines": [], "summary": {"covered_lines": 0, "num_statements": 6, "percent_covered": 0.0, "percent_covered_display": "0", "missing_lines": 6, "excluded_lines": 0, "percent_statements_covered": 0.0, "percent_statements_covered_display": "0"}, "missing_lines": [351, 352, 353, 354, 355, 358], "excluded_lines": [], "start_line": 341}, "SecureStravaAuthenticator.get_authorization_url": {"executed_lines": [], "summary": {"covered_lines": 0, "num_statements": 5, "percent_covered": 0.0, "percent_covered_display": "0", "missing_lines": 5, "excluded_lines": 0, "percent_statements_covered": 0.0, "percent_statements_covered_display": "0"}, "missing_lines": [367, 370, 372, 379, 382], "excluded_lines": [], "start_line": 360}, "SecureStravaAuthenticator.exchange_code_for_token": {"executed_lines": [], "summary": {"covered_lines": 0, "num_statements": 8, "percent_covered": 0.0, "percent_covered_display": "0", "missing_lines": 8, "excluded_lines": 0, "percent_statements_covered": 0.0, "percent_statements_covered_display": "0"}, "missing_lines": [394, 395, 403, 404, 406, 408, 414, 417], "excluded_lines": [], "start_line": 384}, "SecureStravaAuthenticator.refresh_access_token": {"executed_lines": [], "summary": {"covered_lines": 0, "num_statements": 5, "percent_covered": 0.0, "percent_covered_display": "0", "missing_lines": 5, "excluded_lines": 0, "percent_statements_covered": 0.0, "percent_statements_covered_display": "0"}, "missing_lines": [429, 430, 436, 442, 445], "excluded_lines": [], "start_line": 419}, "SecureStravaAuthenticator.save_tokens": {"executed_lines": [], "summary": {"covered_lines": 0, "num_statements": 1, "percent_covered": 0.0, "percent_covered_display": "0", "missing_lines": 1, "excluded_lines": 0, "percent_statements_covered": 0.0, "percent_statements_covered_display": "0"}, "missing_lines": [449], "excluded_lines": [], "start_line": 447}, "SecureStravaAuthenticator.load_tokens": {"executed_lines": [], "summary": {"covered_lines": 0, "num_statements": 1, "percent_covered": 0.0, "percent_covered_display": "0", "missing_lines": 1, "excluded_lines": 0, "percent_statements_covered": 0.0, "percent_statements_covered_display": "0"}, "missing_lines": [453], "excluded_lines": [], "start_line": 451}, "SecureStravaAuthenticator.authenticate": {"executed_lines": [], "summary": {"covered_lines": 0, "num_statements": 22, "percent_covered": 0.0, "percent_covered_display": "0", "missing_lines": 22, "excluded_lines": 0, "percent_statements_covered": 0.0, "percent_statements_covered_display": "0"}, "missing_lines": [462, 465, 466, 467, 469, 470, 471, 472, 473, 474, 478, 481, 482, 485, 486, 489, 492, 493, 496, 498, 499, 503], "excluded_lines": [], "start_line": 455}, "SecureStravaAuthenticator._wait_for_callback": {"executed_lines": [], "summary": {"covered_lines": 0, "num_statements": 12, "percent_covered": 0.0, "percent_covered_display": "0", "missing_lines": 12, "excluded_lines": 0, "percent_statements_covered": 0.0, "percent_statements_covered_display": "0"}, "missing_lines": [512, 515, 516, 519, 520, 521, 527, 528, 530, 531, 535, 537], "excluded_lines": [], "start_line": 505}, "SecureStravaAuthenticator.get_authenticated_client": {"executed_lines": [], "summary": {"covered_lines": 0, "num_statements": 11, "percent_covered": 0.0, "percent_covered_display": "0", "missing_lines": 11, "excluded_lines": 0, "percent_statements_covered": 0.0, "percent_statements_covered_display": "0"}, "missing_lines": [546, 548, 549, 552, 553, 554, 555, 556, 560, 565, 566], "excluded_lines": [], "start_line": 539}, "get_authenticated_client": {"executed_lines": [], "summary": {"covered_lines": 0, "num_statements": 2, "percent_covered": 0.0, "percent_covered_display": "0", "missing_lines": 2, "excluded_lines": 0, "percent_statements_covered": 0.0, "percent_statements_covered_display": "0"}, "missing_lines": [579, 584], "excluded_lines": [], "start_line": 569}, "": {"executed_lines": [], "summary": {"covered_lines": 0, "num_statements": 46, "percent_covered": 0.0, "percent_covered_display": "0", "missing_lines": 46, "excluded_lines": 0, "percent_statements_covered": 0.0, "percent_statements_covered_display": "0"}, "missing_lines": [16, 17, 18, 19, 20, 21, 22, 23, 24, 25, 26, 27, 28, 29, 31, 32, 34, 37, 38, 41, 57, 63, 130, 133, 158, 185, 218, 222, 223, 224, 227, 228, 230, 324, 333, 338, 341, 360, 384, 419, 447, 451, 455, 505, 539, 569], "excluded_lines": [], "start_line": 1}}, "classes": {"SecureTokenStorage": {"executed_lines": [], "summary": {"covered_lines": 0, "num_statements": 34, "percent_covered": 0.0, "percent_covered_display": "0", "missing_lines": 34, "excluded_lines": 0, "percent_statements_covered": 0.0, "percent_statements_covered_display": "0"}, "missing_lines": [140, 143, 144, 146, 147, 148, 149, 150, 151, 152, 153, 154, 156, 166, 169, 170, 173, 174, 177, 179, 180, 192, 193, 195, 196, 197, 200, 201, 203, 207, 209, 210, 211, 215], "excluded_lines": [], "start_line": 130}, "RateLimitedCallbackHandler": {"executed_lines": [], "summary": {"covered_lines": 0, "num_statements": 49, "percent_covered": 0.0, "percent_covered_display": "0", "missing_lines": 49, "excluded_lines": 0, "percent_statements_covered": 0.0, "percent_statements_covered_display": "0"}, "missing_lines": [233, 236, 237, 242, 243, 244, 245, 246, 247, 251, 253, 256, 257, 260, 261, 262, 263, 264, 265, 270, 272, 273, 274, 275, 276, 277, 278, 282, 285, 286, 287, 288, 291, 292, 293, 294, 309, 314, 315, 316, 317, 318, 326, 327, 328, 329, 330, 331, 335], "excluded_lines": [], "start_line": 218}, "SecureStravaAuthenticator": {"executed_lines": [], "summary": {"covered_lines": 0, "num_statements": 71, "percent_covered": 0.0, "percent_covered_display": "0", "missing_lines": 71, "excluded_lines": 0, "percent_statements_covered": 0.0, "percent_statements_covered_display": "0"}, "missing_lines": [351, 352, 353, 354, 355, 358, 367, 370, 372, 379, 382, 394, 395, 403, 404, 406, 408, 414, 417, 429, 430, 436, 442, 445, 449, 453, 462, 465, 466, 467, 469, 470, 471, 472, 473, 474, 478, 481, 482, 485, 486, 489, 492, 493, 496, 498, 499, 503, 512, 515, 516, 519, 520, 521, 527, 528, 530, 531, 535, 537, 546, 548, 549, 552, 553, 554, 555, 556, 560, 565, 566], "excluded_lines": [], "start_line": 338}, "": {"executed_lines": [], "summary": {"covered_lines": 0, "num_statements": 104, "percent_covered": 0.0, "percent_covered_display": "0", "missing_lines": 104, "excluded_lines": 0, "percent_statements_covered": 0.0, "percent_statements_covered_display": "0"}, "missing_lines": [16, 17, 18, 19, 20, 21, 22, 23, 24, 25, 26, 27, 28, 29, 31, 32, 34, 37, 38, 41, 44, 45, 46, 48, 49, 52, 53, 55, 57, 59, 60, 63, 78, 79, 80, 81, 82, 83, 84, 85, 86, 87, 88, 89, 90, 91, 92, 95, 96, 97, 98, 99, 100, 101, 102, 103, 104, 105, 106, 107, 108, 109, 110, 112, 113, 114, 115, 116, 117, 118, 119, 120, 121, 122, 123, 125, 126, 127, 130, 133, 158, 185, 218, 222, 223, 224, 227, 228, 230, 324, 333, 338, 341, 360, 384, 419, 447, 451, 455, 505, 539, 569, 579, 584], "excluded_lines": [], "start_line": 1}}}, "src/carbon_calculator.py": {"executed_lines": [], "summary": {"covered_lines": 0, "num_statements": 147, "percent_covered": 0.0, "percent_covered_display": "0", "missing_lines": 147, "excluded_lines": 0, "percent_statements_covered": 0.0, "percent_statements_covered_display": "0"}, "missing_lines": [11, 12, 13, 14, 16, 18, 19, 20, 22, 25, 26, 40, 43, 44, 45, 46, 49, 53, 54, 55, 56, 57, 60, 61, 63, 70, 73, 74, 75, 76, 79, 80, 82, 96, 97, 98, 101, 102, 103, 106, 107, 110, 113, 114, 117, 120, 124, 125, 126, 129, 130, 131, 132, 133, 136, 141, 142, 143, 145, 163, 166, 168, 180, 182, 183, 184, 185, 186, 187, 188, 189, 191, 193, 196, 197, 198, 200, 201, 202, 203, 204, 205, 207, 208, 210, 212, 222, 224, 226, 227, 230, 233, 234, 236, 244, 246, 248, 261, 271, 273, 274, 275, 276, 278, 279, 281, 283, 286, 288, 290, 303, 304, 305, 306, 307, 308, 309, 311, 312, 313, 314, 315, 316, 318, 340, 342, 344, 345, 346, 348, 349, 351, 355, 357, 360, 361, 365, 366, 367, 372, 373, 378, 379, 380, 385, 386, 390], "excluded_lines": [], "functions": {"CarbonCalculator.__init__": {"executed_lines": [], "summary": {"covered_lines": 0, "num_statements": 7, "percent_covered": 0.0, "percent_covered_display": "0", "missing_lines": 7, "excluded_lines": 0, "percent_statements_covered": 0.0, "percent_statements_covered_display": "0"}, "missing_lines": [70, 73, 74, 75, 76, 79, 80], "excluded_lines": [], "start_line": 63}, "CarbonCalculator.calculate_footprint": {"executed_lines": [], "summary": {"covered_lines": 0, "num_statements": 28, "percent_covered": 0.0, "percent_covered_display": "0", "missing_lines": 28, "excluded_lines": 0, "percent_statements_covered": 0.0, "percent_statements_covered_display": "0"}, "missing_lines": [96, 97, 98, 101, 102, 103, 106, 107, 110, 113, 114, 117, 120, 124, 125, 126, 129, 130, 131, 132, 133, 136, 141, 142, 143, 145, 163, 166], "excluded_lines": [], "start_line": 82}, "CarbonCalculator._calculate_time_averages": {"executed_lines": [], "summary": {"covered_lines": 0, "num_statements": 23, "percent_covered": 0.0, "percent_covered_display": "0", "missing_lines": 23, "excluded_lines": 0, "percent_statements_covered": 0.0, "percent_statements_covered_display": "0"}, "missing_lines": [180, 182, 183, 184, 185, 186, 187, 188, 189, 191, 193, 196, 197, 198, 200, 201, 202, 203, 204, 205, 207, 208, 210], "excluded_lines": [], "start_line": 168}, "CarbonCalculator._calculate_route_breakdown": {"executed_lines": [], "summary": {"covered_lines": 0, "num_statements": 9, "percent_covered": 0.0, "percent_covered_display": "0", "missing_lines": 9, "excluded_lines": 0, "percent_statements_covered": 0.0, "percent_statements_covered_display": "0"}, "missing_lines": [222, 224, 226, 227, 230, 233, 234, 236, 244], "excluded_lines": [], "start_line": 212}, "CarbonCalculator._empty_footprint": {"executed_lines": [], "summary": {"covered_lines": 0, "num_statements": 1, "percent_covered": 0.0, "percent_covered_display": "0", "missing_lines": 1, "excluded_lines": 0, "percent_statements_covered": 0.0, "percent_statements_covered_display": "0"}, "missing_lines": [248], "excluded_lines": [], "start_line": 246}, "CarbonCalculator.compare_routes_by_carbon": {"executed_lines": [], "summary": {"covered_lines": 0, "num_statements": 11, "percent_covered": 0.0, "percent_covered_display": "0", "missing_lines": 11, "excluded_lines": 0, "percent_statements_covered": 0.0, "percent_statements_covered_display": "0"}, "missing_lines": [271, 273, 274, 275, 276, 278, 279, 281, 283, 286, 288], "excluded_lines": [], "start_line": 261}, "CarbonCalculator.generate_carbon_report": {"executed_lines": [], "summary": {"covered_lines": 0, "num_statements": 15, "percent_covered": 0.0, "percent_covered_display": "0", "missing_lines": 15, "excluded_lines": 0, "percent_statements_covered": 0.0, "percent_statements_covered_display": "0"}, "missing_lines": [303, 304, 305, 306, 307, 308, 309, 311, 312, 313, 314, 315, 316, 318, 340], "excluded_lines": [], "start_line": 290}, "CarbonCalculator._generate_summary": {"executed_lines": [], "summary": {"covered_lines": 0, "num_statements": 6, "percent_covered": 0.0, "percent_covered_display": "0", "missing_lines": 6, "excluded_lines": 0, "percent_statements_covered": 0.0, "percent_statements_covered_display": "0"}, "missing_lines": [344, 345, 346, 348, 349, 351], "excluded_lines": [], "start_line": 342}, "CarbonCalculator._generate_impact_statements": {"executed_lines": [], "summary": {"covered_lines": 0, "num_statements": 14, "percent_covered": 0.0, "percent_covered_display": "0", "missing_lines": 14, "excluded_lines": 0, "percent_statements_covered": 0.0, "percent_statements_covered_display": "0"}, "missing_lines": [357, 360, 361, 365, 366, 367, 372, 373, 378, 379, 380, 385, 386, 390], "excluded_lines": [], "start_line": 355}, "": {"executed_lines": [], "summary": {"covered_lines": 0, "num_statements": 33, "percent_covered": 0.0, "percent_covered_display": "0", "missing_lines": 33, "excluded_lines": 0, "percent_statements_covered": 0.0, "percent_statements_covered_display": "0"}, "missing_lines": [11, 12, 13, 14, 16, 18, 19, 20, 22, 25, 26, 40, 43, 44, 45, 46, 49, 53, 54, 55, 56, 57, 60, 61, 63, 82, 168, 212, 246, 261, 290, 342, 355], "excluded_lines": [], "start_line": 1}}, "classes": {"CarbonFootprint": {"executed_lines": [], "summary": {"covered_lines": 0, "num_statements": 0, "percent_covered": 100.0, "percent_covered_display": "100", "missing_lines": 0, "excluded_lines": 0, "percent_statements_covered": 100.0, "percent_statements_covered_display": "100"}, "missing_lines": [], "excluded_lines": [], "start_line": 26}, "CarbonCalculator": {"executed_lines": [], "summary": {"covered_lines": 0, "num_statements": 114, "percent_covered": 0.0, "percent_covered_display": "0", "missing_lines": 114, "excluded_lines": 0, "percent_statements_covered": 0.0, "percent_statements_covered_display": "0"}, "missing_lines": [70, 73, 74, 75, 76, 79, 80, 96, 97, 98, 101, 102, 103, 106, 107, 110, 113, 114, 117, 120, 124, 125, 126, 129, 130, 131, 132, 133, 136, 141, 142, 143, 145, 163, 166, 180, 182, 183, 184, 185, 186, 187, 188, 189, 191, 193, 196, 197, 198, 200, 201, 202, 203, 204, 205, 207, 208, 210, 222, 224, 226, 227, 230, 233, 234, 236, 244, 248, 271, 273, 274, 275, 276, 278, 279, 281, 283, 286, 288, 303, 304, 305, 306, 307, 308, 309, 311, 312, 313, 314, 315, 316, 318, 340, 344, 345, 346, 348, 349, 351, 357, 360, 361, 365, 366, 367, 372, 373, 378, 379, 380, 385, 386, 390], "excluded_lines": [], "start_line": 49}, "": {"executed_lines": [], "summary": {"covered_lines": 0, "num_statements": 33, "percent_covered": 0.0, "percent_covered_display": "0", "missing_lines": 33, "excluded_lines": 0, "percent_statements_covered": 0.0, "percent_statements_covered_display": "0"}, "missing_lines": [11, 12, 13, 14, 16, 18, 19, 20, 22, 25, 26, 40, 43, 44, 45, 46, 49, 53, 54, 55, 56, 57, 60, 61, 63, 82, 168, 212, 246, 261, 290, 342, 355], "excluded_lines": [], "start_line": 1}}}, "src/config.py": {"executed_lines": [13, 14, 15, 16, 17, 20, 23, 30, 31, 33, 41, 44, 45, 47, 48, 51, 53, 55, 65, 66, 67, 69, 70, 71, 72, 74, 76, 78, 89, 90, 92, 93, 94, 96, 98, 100, 104, 109, 119], "summary": {"covered_lines": 39, "num_statements": 43, "percent_covered": 90.69767441860465, "percent_covered_display": "91", "missing_lines": 4, "excluded_lines": 0, "percent_statements_covered": 90.69767441860465, "percent_statements_covered_display": "91"}, "missing_lines": [68, 73, 102, 106], "excluded_lines": [], "functions": {"Config.__init__": {"executed_lines": [30, 31], "summary": {"covered_lines": 2, "num_statements": 2, "percent_covered": 100.0, "percent_covered_display": "100", "missing_lines": 0, "excluded_lines": 0, "percent_statements_covered": 100.0, "percent_statements_covered_display": "100"}, "missing_lines": [], "excluded_lines": [], "start_line": 23}, "Config._load_config": {"executed_lines": [41, 44, 45, 47, 48, 51, 53], "summary": {"covered_lines": 7, "num_statements": 7, "percent_covered": 100.0, "percent_covered_display": "100", "missing_lines": 0, "excluded_lines": 0, "percent_statements_covered": 100.0, "percent_statements_covered_display": "100"}, "missing_lines": [], "excluded_lines": [], "start_line": 33}, "Config._replace_env_vars": {"executed_lines": [65, 66, 67, 69, 70, 71, 72, 74, 76], "summary": {"covered_lines": 9, "num_statements": 11, "percent_covered": 81.81818181818181, "percent_covered_display": "82", "missing_lines": 2, "excluded_lines": 0, "percent_statements_covered": 81.81818181818181, "percent_statements_covered_display": "82"}, "missing_lines": [68, 73], "excluded_lines": [], "start_line": 55}, "Config.get": {"executed_lines": [89, 90, 92, 93, 94, 96, 98], "summary": {"covered_lines": 7, "num_statements": 7, "percent_covered": 100.0, "percent_covered_display": "100", "missing_lines": 0, "excluded_lines": 0, "percent_statements_covered": 100.0, "percent_statements_covered_display": "100"}, "missing_lines": [], "excluded_lines": [], "start_line": 78}, "Config.__getitem__": {"executed_lines": [], "summary": {"covered_lines": 0, "num_statements": 1, "percent_covered": 0.0, "percent_covered_display": "0", "missing_lines": 1, "excluded_lines": 0, "percent_statements_covered": 0.0, "percent_statements_covered_display": "0"}, "missing_lines": [102], "excluded_lines": [], "start_line": 100}, "Config.__contains__": {"executed_lines": [], "summary": {"covered_lines": 0, "num_statements": 1, "percent_covered": 0.0, "percent_covered_display": "0", "missing_lines": 1, "excluded_lines": 0, "percent_statements_covered": 0.0, "percent_statements_covered_display": "0"}, "missing_lines": [106], "excluded_lines": [], "start_line": 104}, "load_config": {"executed_lines": [119], "summary": {"covered_lines": 1, "num_statements": 1, "percent_covered": 100.0, "percent_covered_display": "100", "missing_lines": 0, "excluded_lines": 0, "percent_statements_covered": 100.0, "percent_statements_covered_display": "100"}, "missing_lines": [], "excluded_lines": [], "start_line": 109}, "": {"executed_lines": [13, 14, 15, 16, 17, 20, 23, 33, 55, 78, 100, 104, 109], "summary": {"covered_lines": 13, "num_statements": 13, "percent_covered": 100.0, "percent_covered_display": "100", "missing_lines": 0, "excluded_lines": 0, "percent_statements_covered": 100.0, "percent_statements_covered_display": "100"}, "missing_lines": [], "excluded_lines": [], "start_line": 1}}, "classes": {"Config": {"executed_lines": [30, 31, 41, 44, 45, 47, 48, 51, 53, 65, 66, 67, 69, 70, 71, 72, 74, 76, 89, 90, 92, 93, 94, 96, 98], "summary": {"covered_lines": 25, "num_statements": 29, "percent_covered": 86.20689655172414, "percent_covered_display": "86", "missing_lines": 4, "excluded_lines": 0, "percent_statements_covered": 86.20689655172414, "percent_statements_covered_display": "86"}, "missing_lines": [68, 73, 102, 106], "excluded_lines": [], "start_line": 20}, "": {"executed_lines": [13, 14, 15, 16, 17, 20, 23, 33, 55, 78, 100, 104, 109, 119], "summary": {"covered_lines": 14, "num_statements": 14, "percent_covered": 100.0, "percent_covered_display": "100", "missing_lines": 0, "excluded_lines": 0, "percent_statements_covered": 100.0, "percent_statements_covered_display": "100"}, "missing_lines": [], "excluded_lines": [], "start_line": 1}}}, "src/data_fetcher.py": {"executed_lines": [10, 11, 12, 13, 14, 15, 16, 18, 19, 21, 24, 25, 30, 31, 32, 33, 34, 35, 36, 37, 38, 39, 40, 42, 43, 52, 53, 56, 58, 62, 67, 69, 70, 74, 91, 93, 95, 96, 99, 100, 103, 104, 110, 111, 114, 115, 116, 117, 118, 121, 124, 133, 134, 135, 138, 139, 140, 144, 263, 280, 314, 330, 332, 339, 341, 342, 343, 344, 347, 350, 351, 352, 355, 358, 359, 361, 363, 364, 365, 366, 367, 368, 369, 370, 371, 373, 374, 382, 383, 385, 386, 387, 388, 389, 391, 397, 398, 400, 402, 404, 411, 415, 416, 418, 420, 421, 423, 425, 443, 463, 473, 474, 475, 476, 479, 481, 483, 485, 486, 489, 490, 493, 497, 501, 505, 509, 512, 514, 516, 518, 528], "summary": {"covered_lines": 131, "num_statements": 271, "percent_covered": 48.33948339483395, "percent_covered_display": "48", "missing_lines": 140, "excluded_lines": 0, "percent_statements_covered": 48.33948339483395, "percent_statements_covered_display": "48"}, "missing_lines": [54, 57, 59, 68, 72, 101, 106, 107, 108, 112, 142, 160, 161, 164, 165, 166, 167, 168, 169, 170, 171, 172, 173, 174, 175, 177, 178, 179, 180, 181, 182, 183, 184, 185, 186, 189, 190, 191, 192, 193, 194, 195, 196, 197, 198, 200, 201, 203, 205, 206, 207, 209, 210, 212, 213, 214, 215, 218, 219, 221, 222, 223, 224, 226, 227, 230, 231, 234, 235, 236, 237, 238, 239, 240, 241, 242, 243, 245, 246, 247, 250, 251, 252, 253, 255, 257, 258, 259, 261, 273, 274, 275, 276, 277, 278, 291, 293, 295, 296, 298, 299, 300, 302, 303, 305, 306, 308, 309, 311, 312, 354, 376, 377, 378, 379, 412, 413, 432, 433, 435, 436, 438, 439, 441, 450, 451, 453, 454, 455, 456, 457, 458, 459, 460, 461, 494, 498, 502, 506, 510], "excluded_lines": [], "functions": {"Activity.from_strava_activity": {"executed_lines": [52, 67, 69, 70, 74], "summary": {"covered_lines": 5, "num_statements": 7, "percent_covered": 71.42857142857143, "percent_covered_display": "71", "missing_lines": 2, "excluded_lines": 0, "percent_statements_covered": 71.42857142857143, "percent_statements_covered_display": "71"}, "missing_lines": [68, 72], "excluded_lines": [], "start_line": 43}, "Activity.from_strava_activity.to_seconds": {"executed_lines": [53, 56, 58, 62], "summary": {"covered_lines": 4, "num_statements": 7, "percent_covered": 57.142857142857146, "percent_covered_display": "57", "missing_lines": 3, "excluded_lines": 0, "percent_statements_covered": 57.142857142857146, "percent_statements_covered_display": "57"}, "missing_lines": [54, 57, 59], "excluded_lines": [], "start_line": 52}, "Activity.to_dict": {"executed_lines": [93], "summary": {"covered_lines": 1, "num_statements": 1, "percent_covered": 100.0, "percent_covered_display": "100", "missing_lines": 0, "excluded_lines": 0, "percent_statements_covered": 100.0, "percent_statements_covered_display": "100"}, "missing_lines": [], "excluded_lines": [], "start_line": 91}, "Activity.from_dict": {"executed_lines": [99, 114, 115, 116, 117, 118], "summary": {"covered_lines": 6, "num_statements": 6, "percent_covered": 100.0, "percent_covered_display": "100", "missing_lines": 0, "excluded_lines": 0, "percent_statements_covered": 100.0, "percent_statements_covered_display": "100"}, "missing_lines": [], "excluded_lines": [], "start_line": 96}, "Activity.from_dict.extract_latlng": {"executed_lines": [100, 103, 104, 110, 111], "summary": {"covered_lines": 5, "num_statements": 10, "percent_covered": 50.0, "percent_covered_display": "50", "missing_lines": 5, "excluded_lines": 0, "percent_statements_covered": 50.0, "percent_statements_covered_display": "50"}, "missing_lines": [101, 106, 107, 108, 112], "excluded_lines": [], "start_line": 99}, "StravaDataFetcher.__init__": {"executed_lines": [133, 134, 135, 138, 139, 140], "summary": {"covered_lines": 6, "num_statements": 7, "percent_covered": 85.71428571428571, "percent_covered_display": "86", "missing_lines": 1, "excluded_lines": 0, "percent_statements_covered": 85.71428571428571, "percent_statements_covered_display": "86"}, "missing_lines": [142], "excluded_lines": [], "start_line": 124}, "StravaDataFetcher.fetch_activities": {"executed_lines": [], "summary": {"covered_lines": 0, "num_statements": 78, "percent_covered": 0.0, "percent_covered_display": "0", "missing_lines": 78, "excluded_lines": 0, "percent_statements_covered": 0.0, "percent_statements_covered_display": "0"}, "missing_lines": [160, 161, 164, 165, 166, 167, 168, 169, 170, 171, 172, 173, 174, 175, 177, 178, 179, 180, 181, 182, 183, 184, 185, 186, 189, 190, 191, 192, 193, 194, 195, 196, 197, 198, 200, 201, 203, 205, 206, 207, 209, 210, 212, 213, 214, 215, 218, 219, 221, 222, 223, 224, 226, 227, 230, 231, 234, 235, 236, 237, 238, 239, 240, 241, 242, 243, 245, 246, 247, 250, 251, 252, 253, 255, 257, 258, 259, 261], "excluded_lines": [], "start_line": 144}, "StravaDataFetcher.get_activity_details": {"executed_lines": [], "summary": {"covered_lines": 0, "num_statements": 6, "percent_covered": 0.0, "percent_covered_display": "0", "missing_lines": 6, "excluded_lines": 0, "percent_statements_covered": 0.0, "percent_statements_covered_display": "0"}, "missing_lines": [273, 274, 275, 276, 277, 278], "excluded_lines": [], "start_line": 263}, "StravaDataFetcher.enrich_activities_with_detailed_polylines": {"executed_lines": [], "summary": {"covered_lines": 0, "num_statements": 15, "percent_covered": 0.0, "percent_covered_display": "0", "missing_lines": 15, "excluded_lines": 0, "percent_statements_covered": 0.0, "percent_statements_covered_display": "0"}, "missing_lines": [291, 293, 295, 296, 298, 299, 300, 302, 303, 305, 306, 308, 309, 311, 312], "excluded_lines": [], "start_line": 280}, "StravaDataFetcher.cache_activities": {"executed_lines": [330, 332, 339, 341, 342, 343, 344, 347, 350, 351, 352, 355, 358, 359, 361, 363, 364, 365, 366, 367, 368, 369, 370, 371, 373, 374, 382, 383, 385, 386, 387, 388, 389, 391, 397, 398, 400, 402], "summary": {"covered_lines": 38, "num_statements": 43, "percent_covered": 88.37209302325581, "percent_covered_display": "88", "missing_lines": 5, "excluded_lines": 0, "percent_statements_covered": 88.37209302325581, "percent_statements_covered_display": "88"}, "missing_lines": [354, 376, 377, 378, 379], "excluded_lines": [], "start_line": 314}, "StravaDataFetcher.load_cached_activities": {"executed_lines": [411, 415, 416, 418, 420, 421, 423], "summary": {"covered_lines": 7, "num_statements": 9, "percent_covered": 77.77777777777777, "percent_covered_display": "78", "missing_lines": 2, "excluded_lines": 0, "percent_statements_covered": 77.77777777777777, "percent_statements_covered_display": "78"}, "missing_lines": [412, 413], "excluded_lines": [], "start_line": 404}, "StravaDataFetcher.is_cache_valid": {"executed_lines": [], "summary": {"covered_lines": 0, "num_statements": 7, "percent_covered": 0.0, "percent_covered_display": "0", "missing_lines": 7, "excluded_lines": 0, "percent_statements_covered": 0.0, "percent_statements_covered_display": "0"}, "missing_lines": [432, 433, 435, 436, 438, 439, 441], "excluded_lines": [], "start_line": 425}, "StravaDataFetcher._get_cache_age_days": {"executed_lines": [], "summary": {"covered_lines": 0, "num_statements": 11, "percent_covered": 0.0, "percent_covered_display": "0", "missing_lines": 11, "excluded_lines": 0, "percent_statements_covered": 0.0, "percent_statements_covered_display": "0"}, "missing_lines": [450, 451, 453, 454, 455, 456, 457, 458, 459, 460, 461], "excluded_lines": [], "start_line": 443}, "StravaDataFetcher.filter_commute_activities": {"executed_lines": [473, 474, 475, 476, 479, 481, 483, 485, 486, 489, 490, 493, 497, 501, 505, 509, 512, 514, 516], "summary": {"covered_lines": 19, "num_statements": 24, "percent_covered": 79.16666666666667, "percent_covered_display": "79", "missing_lines": 5, "excluded_lines": 0, "percent_statements_covered": 79.16666666666667, "percent_statements_covered_display": "79"}, "missing_lines": [494, 498, 502, 506, 510], "excluded_lines": [], "start_line": 463}, "StravaDataFetcher.decode_polyline": {"executed_lines": [528], "summary": {"covered_lines": 1, "num_statements": 1, "percent_covered": 100.0, "percent_covered_display": "100", "missing_lines": 0, "excluded_lines": 0, "percent_statements_covered": 100.0, "percent_statements_covered_display": "100"}, "missing_lines": [], "excluded_lines": [], "start_line": 518}, "": {"executed_lines": [10, 11, 12, 13, 14, 15, 16, 18, 19, 21, 24, 25, 30, 31, 32, 33, 34, 35, 36, 37, 38, 39, 40, 42, 43, 91, 95, 96, 121, 124, 144, 263, 280, 314, 404, 425, 443, 463, 518], "summary": {"covered_lines": 39, "num_statements": 39, "percent_covered": 100.0, "percent_covered_display": "100", "missing_lines": 0, "excluded_lines": 0, "percent_statements_covered": 100.0, "percent_statements_covered_display": "100"}, "missing_lines": [], "excluded_lines": [], "start_line": 1}}, "classes": {"Activity": {"executed_lines": [52, 53, 56, 58, 62, 67, 69, 70, 74, 93, 99, 100, 103, 104, 110, 111, 114, 115, 116, 117, 118], "summary": {"covered_lines": 21, "num_statements": 31, "percent_covered": 67.74193548387096, "percent_covered_display": "68", "missing_lines": 10, "excluded_lines": 0, "percent_statements_covered": 67.74193548387096, "percent_statements_covered_display": "68"}, "missing_lines": [54, 57, 59, 68, 72, 101, 106, 107, 108, 112], "excluded_lines": [], "start_line": 25}, "StravaDataFetcher": {"executed_lines": [133, 134, 135, 138, 139, 140, 330, 332, 339, 341, 342, 343, 344, 347, 350, 351, 352, 355, 358, 359, 361, 363, 364, 365, 366, 367, 368, 369, 370, 371, 373, 374, 382, 383, 385, 386, 387, 388, 389, 391, 397, 398, 400, 402, 411, 415, 416, 418, 420, 421, 423, 473, 474, 475, 476, 479, 481, 483, 485, 486, 489, 490, 493, 497, 501, 505, 509, 512, 514, 516, 528], "summary": {"covered_lines": 71, "num_statements": 201, "percent_covered": 35.32338308457712, "percent_covered_display": "35", "missing_lines": 130, "excluded_lines": 0, "percent_statements_covered": 35.32338308457712, "percent_statements_covered_display": "35"}, "missing_lines": [142, 160, 161, 164, 165, 166, 167, 168, 169, 170, 171, 172, 173, 174, 175, 177, 178, 179, 180, 181, 182, 183, 184, 185, 186, 189, 190, 191, 192, 193, 194, 195, 196, 197, 198, 200, 201, 203, 205, 206, 207, 209, 210, 212, 213, 214, 215, 218, 219, 221, 222, 223, 224, 226, 227, 230, 231, 234, 235, 236, 237, 238, 239, 240, 241, 242, 243, 245, 246, 247, 250, 251, 252, 253, 255, 257, 258, 259, 261, 273, 274, 275, 276, 277, 278, 291, 293, 295, 296, 298, 299, 300, 302, 303, 305, 306, 308, 309, 311, 312, 354, 376, 377, 378, 379, 412, 413, 432, 433, 435, 436, 438, 439, 441, 450, 451, 453, 454, 455, 456, 457, 458, 459, 460, 461, 494, 498, 502, 506, 510], "excluded_lines": [], "start_line": 121}, "": {"executed_lines": [10, 11, 12, 13, 14, 15, 16, 18, 19, 21, 24, 25, 30, 31, 32, 33, 34, 35, 36, 37, 38, 39, 40, 42, 43, 91, 95, 96, 121, 124, 144, 263, 280, 314, 404, 425, 443, 463, 518], "summary": {"covered_lines": 39, "num_statements": 39, "percent_covered": 100.0, "percent_covered_display": "100", "missing_lines": 0, "excluded_lines": 0, "percent_statements_covered": 100.0, "percent_statements_covered_display": "100"}, "missing_lines": [], "excluded_lines": [], "start_line": 1}}}, "src/forecast_generator.py": {"executed_lines": [8, 9, 10, 11, 13, 15, 18, 19, 41, 42, 51, 54, 66, 67, 68, 69, 70, 71, 74, 75, 76, 77, 79, 86, 89, 90, 92, 94, 95, 96, 98, 100, 101, 102, 103, 106, 111, 116, 118, 126, 128, 129, 131, 136, 137, 138, 140, 141, 144, 145, 146, 147, 148, 149, 150, 153, 158, 163, 168, 173, 178, 199, 206, 209, 210, 211, 212, 213, 214, 215, 216, 217, 221, 222, 223, 225, 226, 229, 230, 231, 233, 234, 237, 238, 239, 240, 241, 242, 244, 246, 253, 254, 255, 256, 262, 264, 274, 276, 277, 280, 281, 282, 285, 286, 288, 290, 291, 292, 294, 296, 302, 303, 306, 309, 310, 312, 314, 315, 316, 323, 324, 325, 327, 329, 338, 339, 340, 343, 345, 347, 349, 350, 352, 354, 358, 361, 363, 364, 365, 367, 368, 369, 373, 374, 375, 377, 381, 382, 383, 384, 385, 389, 390, 393, 394, 395, 396, 398, 400, 407, 414, 415, 417, 420, 421, 423, 424, 425, 426, 427, 428, 429, 430], "summary": {"covered_lines": 173, "num_statements": 186, "percent_covered": 93.01075268817205, "percent_covered_display": "93", "missing_lines": 13, "excluded_lines": 0, "percent_statements_covered": 93.01075268817205, "percent_statements_covered_display": "93"}, "missing_lines": [218, 224, 232, 318, 319, 320, 362, 366, 370, 376, 378, 386, 432], "excluded_lines": [], "functions": {"CommuteForecastGenerator.__init__": {"executed_lines": [66, 67, 68, 69, 70, 71, 74, 75, 76, 77], "summary": {"covered_lines": 10, "num_statements": 10, "percent_covered": 100.0, "percent_covered_display": "100", "missing_lines": 0, "excluded_lines": 0, "percent_statements_covered": 100.0, "percent_statements_covered_display": "100"}, "missing_lines": [], "excluded_lines": [], "start_line": 54}, "CommuteForecastGenerator.generate_7day_forecast": {"executed_lines": [86, 89, 90, 92, 94, 95, 96, 98, 100, 101, 102, 103, 106, 111, 116, 118, 126, 128, 129], "summary": {"covered_lines": 19, "num_statements": 19, "percent_covered": 100.0, "percent_covered_display": "100", "missing_lines": 0, "excluded_lines": 0, "percent_statements_covered": 100.0, "percent_statements_covered_display": "100"}, "missing_lines": [], "excluded_lines": [], "start_line": 79}, "CommuteForecastGenerator._generate_commute_window": {"executed_lines": [136, 137, 138, 140, 141, 144, 145, 146, 147, 148, 149, 150, 153, 158, 163, 168, 173, 178], "summary": {"covered_lines": 18, "num_statements": 18, "percent_covered": 100.0, "percent_covered_display": "100", "missing_lines": 0, "excluded_lines": 0, "percent_statements_covered": 100.0, "percent_statements_covered_display": "100"}, "missing_lines": [], "excluded_lines": [], "start_line": 131}, "CommuteForecastGenerator._calculate_weather_severity": {"executed_lines": [206, 209, 210, 211, 212, 213, 214, 215, 216, 217, 221, 222, 223, 225, 226, 229, 230, 231, 233, 234, 237, 238, 239, 240, 241, 242, 244], "summary": {"covered_lines": 27, "num_statements": 30, "percent_covered": 90.0, "percent_covered_display": "90", "missing_lines": 3, "excluded_lines": 0, "percent_statements_covered": 90.0, "percent_statements_covered_display": "90"}, "missing_lines": [218, 224, 232], "excluded_lines": [], "start_line": 199}, "CommuteForecastGenerator._should_recommend_transit": {"executed_lines": [253, 254, 255, 256, 262], "summary": {"covered_lines": 5, "num_statements": 5, "percent_covered": 100.0, "percent_covered_display": "100", "missing_lines": 0, "excluded_lines": 0, "percent_statements_covered": 100.0, "percent_statements_covered_display": "100"}, "missing_lines": [], "excluded_lines": [], "start_line": 246}, "CommuteForecastGenerator._select_optimal_route": {"executed_lines": [274, 276, 277, 280, 281, 282, 285, 286, 288, 290, 291, 292, 294, 296, 302, 303, 306, 309, 310, 312, 314, 315, 316, 323, 324, 325, 327], "summary": {"covered_lines": 27, "num_statements": 30, "percent_covered": 90.0, "percent_covered_display": "90", "missing_lines": 3, "excluded_lines": 0, "percent_statements_covered": 90.0, "percent_statements_covered_display": "90"}, "missing_lines": [318, 319, 320], "excluded_lines": [], "start_line": 264}, "CommuteForecastGenerator._calculate_optimal_departure": {"executed_lines": [338, 339, 340, 343, 345, 347, 349, 350, 352], "summary": {"covered_lines": 9, "num_statements": 9, "percent_covered": 100.0, "percent_covered_display": "100", "missing_lines": 0, "excluded_lines": 0, "percent_statements_covered": 100.0, "percent_statements_covered_display": "100"}, "missing_lines": [], "excluded_lines": [], "start_line": 329}, "CommuteForecastGenerator._generate_notes": {"executed_lines": [358, 361, 363, 364, 365, 367, 368, 369, 373, 374, 375, 377, 381, 382, 383, 384, 385, 389, 390, 393, 394, 395, 396, 398], "summary": {"covered_lines": 24, "num_statements": 30, "percent_covered": 80.0, "percent_covered_display": "80", "missing_lines": 6, "excluded_lines": 0, "percent_statements_covered": 80.0, "percent_statements_covered_display": "80"}, "missing_lines": [362, 366, 370, 376, 378, 386], "excluded_lines": [], "start_line": 354}, "CommuteForecastGenerator._calculate_overall_rating": {"executed_lines": [407, 414, 415, 417, 420, 421, 423, 424, 425, 426, 427, 428, 429, 430], "summary": {"covered_lines": 14, "num_statements": 15, "percent_covered": 93.33333333333333, "percent_covered_display": "93", "missing_lines": 1, "excluded_lines": 0, "percent_statements_covered": 93.33333333333333, "percent_statements_covered_display": "93"}, "missing_lines": [432], "excluded_lines": [], "start_line": 400}, "": {"executed_lines": [8, 9, 10, 11, 13, 15, 18, 19, 41, 42, 51, 54, 79, 131, 199, 246, 264, 329, 354, 400], "summary": {"covered_lines": 20, "num_statements": 20, "percent_covered": 100.0, "percent_covered_display": "100", "missing_lines": 0, "excluded_lines": 0, "percent_statements_covered": 100.0, "percent_statements_covered_display": "100"}, "missing_lines": [], "excluded_lines": [], "start_line": 1}}, "classes": {"CommuteWindow": {"executed_lines": [], "summary": {"covered_lines": 0, "num_statements": 0, "percent_covered": 100.0, "percent_covered_display": "100", "missing_lines": 0, "excluded_lines": 0, "percent_statements_covered": 100.0, "percent_statements_covered_display": "100"}, "missing_lines": [], "excluded_lines": [], "start_line": 19}, "DailyForecast": {"executed_lines": [], "summary": {"covered_lines": 0, "num_statements": 0, "percent_covered": 100.0, "percent_covered_display": "100", "missing_lines": 0, "excluded_lines": 0, "percent_statements_covered": 100.0, "percent_statements_covered_display": "100"}, "missing_lines": [], "excluded_lines": [], "start_line": 42}, "CommuteForecastGenerator": {"executed_lines": [66, 67, 68, 69, 70, 71, 74, 75, 76, 77, 86, 89, 90, 92, 94, 95, 96, 98, 100, 101, 102, 103, 106, 111, 116, 118, 126, 128, 129, 136, 137, 138, 140, 141, 144, 145, 146, 147, 148, 149, 150, 153, 158, 163, 168, 173, 178, 206, 209, 210, 211, 212, 213, 214, 215, 216, 217, 221, 222, 223, 225, 226, 229, 230, 231, 233, 234, 237, 238, 239, 240, 241, 242, 244, 253, 254, 255, 256, 262, 274, 276, 277, 280, 281, 282, 285, 286, 288, 290, 291, 292, 294, 296, 302, 303, 306, 309, 310, 312, 314, 315, 316, 323, 324, 325, 327, 338, 339, 340, 343, 345, 347, 349, 350, 352, 358, 361, 363, 364, 365, 367, 368, 369, 373, 374, 375, 377, 381, 382, 383, 384, 385, 389, 390, 393, 394, 395, 396, 398, 407, 414, 415, 417, 420, 421, 423, 424, 425, 426, 427, 428, 429, 430], "summary": {"covered_lines": 153, "num_statements": 166, "percent_covered": 92.16867469879519, "percent_covered_display": "92", "missing_lines": 13, "excluded_lines": 0, "percent_statements_covered": 92.16867469879519, "percent_statements_covered_display": "92"}, "missing_lines": [218, 224, 232, 318, 319, 320, 362, 366, 370, 376, 378, 386, 432], "excluded_lines": [], "start_line": 51}, "": {"executed_lines": [8, 9, 10, 11, 13, 15, 18, 19, 41, 42, 51, 54, 79, 131, 199, 246, 264, 329, 354, 400], "summary": {"covered_lines": 20, "num_statements": 20, "percent_covered": 100.0, "percent_covered_display": "100", "missing_lines": 0, "excluded_lines": 0, "percent_statements_covered": 100.0, "percent_statements_covered_display": "100"}, "missing_lines": [], "excluded_lines": [], "start_line": 1}}}, "src/location_finder.py": {"executed_lines": [7, 8, 9, 10, 12, 13, 14, 16, 18, 21, 22, 28, 29, 30, 33, 36, 44, 45, 46, 47, 49, 56, 58, 60, 63, 64, 74, 75, 76, 85, 87, 89, 99, 103, 106, 109, 110, 111, 114, 115, 117, 119, 122, 123, 125, 126, 127, 128, 131, 132, 133, 134, 137, 138, 141, 142, 143, 145, 146, 150, 151, 152, 154, 155, 159, 172, 174, 176, 184, 186, 190, 192, 196, 197, 199, 200, 203, 206, 216, 226, 227, 229, 231, 243, 244, 245, 246, 249, 250, 252, 253, 255, 256, 260, 275, 278, 279, 280, 283, 284, 285, 287, 289, 291, 292, 294], "summary": {"covered_lines": 106, "num_statements": 112, "percent_covered": 94.64285714285714, "percent_covered_display": "95", "missing_lines": 6, "excluded_lines": 0, "percent_statements_covered": 94.64285714285714, "percent_statements_covered_display": "95"}, "missing_lines": [100, 112, 187, 193, 258, 304], "excluded_lines": [], "functions": {"LocationFinder.__init__": {"executed_lines": [44, 45, 46, 47], "summary": {"covered_lines": 4, "num_statements": 4, "percent_covered": 100.0, "percent_covered_display": "100", "missing_lines": 0, "excluded_lines": 0, "percent_statements_covered": 100.0, "percent_statements_covered_display": "100"}, "missing_lines": [], "excluded_lines": [], "start_line": 36}, "LocationFinder.extract_endpoints": {"executed_lines": [56, 58, 60, 63, 64, 74, 75, 76, 85, 87], "summary": {"covered_lines": 10, "num_statements": 10, "percent_covered": 100.0, "percent_covered_display": "100", "missing_lines": 0, "excluded_lines": 0, "percent_statements_covered": 100.0, "percent_statements_covered_display": "100"}, "missing_lines": [], "excluded_lines": [], "start_line": 49}, "LocationFinder.cluster_locations": {"executed_lines": [99, 103, 106, 109, 110, 111, 114, 115, 117, 119, 122, 123, 125, 126, 127, 128, 131, 132, 133, 134, 137, 138, 141, 142, 143, 145, 146, 150, 151, 152, 154, 155, 159, 172, 174], "summary": {"covered_lines": 35, "num_statements": 37, "percent_covered": 94.5945945945946, "percent_covered_display": "95", "missing_lines": 2, "excluded_lines": 0, "percent_statements_covered": 94.5945945945946, "percent_statements_covered_display": "95"}, "missing_lines": [100, 112], "excluded_lines": [], "start_line": 89}, "LocationFinder.identify_home_work": {"executed_lines": [184, 186, 190, 192, 196, 197, 199, 200, 203, 206, 216, 226, 227, 229], "summary": {"covered_lines": 14, "num_statements": 16, "percent_covered": 87.5, "percent_covered_display": "88", "missing_lines": 2, "excluded_lines": 0, "percent_statements_covered": 87.5, "percent_statements_covered_display": "88"}, "missing_lines": [187, 193], "excluded_lines": [], "start_line": 176}, "LocationFinder._classify_home_work": {"executed_lines": [243, 244, 245, 246, 249, 250, 252, 253, 255, 256], "summary": {"covered_lines": 10, "num_statements": 11, "percent_covered": 90.9090909090909, "percent_covered_display": "91", "missing_lines": 1, "excluded_lines": 0, "percent_statements_covered": 90.9090909090909, "percent_statements_covered_display": "91"}, "missing_lines": [258], "excluded_lines": [], "start_line": 231}, "LocationFinder._calculate_home_score": {"executed_lines": [275, 278, 279, 280, 283, 284, 285, 287], "summary": {"covered_lines": 8, "num_statements": 8, "percent_covered": 100.0, "percent_covered_display": "100", "missing_lines": 0, "excluded_lines": 0, "percent_statements_covered": 100.0, "percent_statements_covered_display": "100"}, "missing_lines": [], "excluded_lines": [], "start_line": 260}, "LocationFinder._parse_time": {"executed_lines": [291, 292], "summary": {"covered_lines": 2, "num_statements": 2, "percent_covered": 100.0, "percent_covered_display": "100", "missing_lines": 0, "excluded_lines": 0, "percent_statements_covered": 100.0, "percent_statements_covered_display": "100"}, "missing_lines": [], "excluded_lines": [], "start_line": 289}, "LocationFinder.get_location_statistics": {"executed_lines": [], "summary": {"covered_lines": 0, "num_statements": 1, "percent_covered": 0.0, "percent_covered_display": "0", "missing_lines": 1, "excluded_lines": 0, "percent_statements_covered": 0.0, "percent_statements_covered_display": "0"}, "missing_lines": [304], "excluded_lines": [], "start_line": 294}, "": {"executed_lines": [7, 8, 9, 10, 12, 13, 14, 16, 18, 21, 22, 28, 29, 30, 33, 36, 49, 89, 176, 231, 260, 289, 294], "summary": {"covered_lines": 23, "num_statements": 23, "percent_covered": 100.0, "percent_covered_display": "100", "missing_lines": 0, "excluded_lines": 0, "percent_statements_covered": 100.0, "percent_statements_covered_display": "100"}, "missing_lines": [], "excluded_lines": [], "start_line": 1}}, "classes": {"Location": {"executed_lines": [], "summary": {"covered_lines": 0, "num_statements": 0, "percent_covered": 100.0, "percent_covered_display": "100", "missing_lines": 0, "excluded_lines": 0, "percent_statements_covered": 100.0, "percent_statements_covered_display": "100"}, "missing_lines": [], "excluded_lines": [], "start_line": 22}, "LocationFinder": {"executed_lines": [44, 45, 46, 47, 56, 58, 60, 63, 64, 74, 75, 76, 85, 87, 99, 103, 106, 109, 110, 111, 114, 115, 117, 119, 122, 123, 125, 126, 127, 128, 131, 132, 133, 134, 137, 138, 141, 142, 143, 145, 146, 150, 151, 152, 154, 155, 159, 172, 174, 184, 186, 190, 192, 196, 197, 199, 200, 203, 206, 216, 226, 227, 229, 243, 244, 245, 246, 249, 250, 252, 253, 255, 256, 275, 278, 279, 280, 283, 284, 285, 287, 291, 292], "summary": {"covered_lines": 83, "num_statements": 89, "percent_covered": 93.25842696629213, "percent_covered_display": "93", "missing_lines": 6, "excluded_lines": 0, "percent_statements_covered": 93.25842696629213, "percent_statements_covered_display": "93"}, "missing_lines": [100, 112, 187, 193, 258, 304], "excluded_lines": [], "start_line": 33}, "": {"executed_lines": [7, 8, 9, 10, 12, 13, 14, 16, 18, 21, 22, 28, 29, 30, 33, 36, 49, 89, 176, 231, 260, 289, 294], "summary": {"covered_lines": 23, "num_statements": 23, "percent_covered": 100.0, "percent_covered_display": "100", "missing_lines": 0, "excluded_lines": 0, "percent_statements_covered": 100.0, "percent_statements_covered_display": "100"}, "missing_lines": [], "excluded_lines": [], "start_line": 1}}}, "src/long_ride_analyzer.py": {"executed_lines": [], "summary": {"covered_lines": 0, "num_statements": 322, "percent_covered": 0.0, "percent_covered_display": "0", "missing_lines": 322, "excluded_lines": 0, "percent_statements_covered": 0.0, "percent_statements_covered_display": "0"}, "missing_lines": [7, 8, 9, 10, 12, 13, 14, 15, 16, 18, 19, 20, 21, 23, 26, 27, 41, 43, 44, 46, 48, 49, 51, 53, 54, 56, 57, 58, 59, 62, 63, 69, 70, 71, 72, 75, 78, 86, 87, 88, 89, 91, 101, 104, 105, 107, 108, 111, 112, 115, 116, 117, 120, 121, 124, 125, 126, 127, 128, 129, 132, 133, 134, 136, 138, 140, 141, 152, 153, 155, 157, 158, 159, 162, 164, 165, 166, 169, 170, 173, 174, 175, 177, 179, 190, 192, 194, 197, 199, 201, 202, 204, 207, 208, 212, 214, 216, 232, 233, 235, 236, 237, 239, 241, 242, 257, 258, 261, 262, 264, 265, 266, 267, 268, 269, 270, 271, 274, 275, 276, 277, 279, 281, 284, 285, 287, 289, 290, 293, 299, 301, 302, 303, 304, 305, 306, 309, 310, 311, 312, 314, 316, 317, 318, 319, 321, 322, 324, 326, 337, 339, 340, 341, 342, 345, 346, 348, 349, 350, 351, 353, 355, 357, 359, 360, 361, 363, 364, 365, 367, 369, 373, 383, 385, 386, 388, 389, 392, 395, 399, 401, 416, 418, 419, 420, 422, 424, 426, 441, 442, 444, 446, 448, 449, 450, 453, 454, 455, 457, 459, 461, 473, 474, 476, 478, 482, 483, 485, 486, 487, 489, 490, 491, 493, 494, 497, 503, 506, 507, 508, 509, 510, 511, 512, 513, 514, 516, 517, 519, 527, 528, 530, 533, 534, 538, 541, 542, 545, 557, 559, 572, 573, 575, 576, 577, 579, 580, 581, 582, 583, 585, 587, 597, 598, 600, 601, 603, 604, 605, 606, 607, 610, 612, 613, 616, 623, 624, 625, 626, 627, 628, 630, 631, 634, 636, 638, 650, 651, 653, 655, 656, 658, 659, 661, 663, 681, 683, 684, 685, 688, 689, 690, 691, 692, 694, 696, 698, 704, 705, 707, 708, 711, 712, 713, 714, 715, 716, 717, 718, 720, 722, 725, 726, 727, 728, 731, 732, 737, 746, 749, 754, 756], "excluded_lines": [], "functions": {"LongRide.distance_km": {"executed_lines": [], "summary": {"covered_lines": 0, "num_statements": 1, "percent_covered": 0.0, "percent_covered_display": "0", "missing_lines": 1, "excluded_lines": 0, "percent_statements_covered": 0.0, "percent_statements_covered_display": "0"}, "missing_lines": [46], "excluded_lines": [], "start_line": 44}, "LongRide.duration_hours": {"executed_lines": [], "summary": {"covered_lines": 0, "num_statements": 1, "percent_covered": 0.0, "percent_covered_display": "0", "missing_lines": 1, "excluded_lines": 0, "percent_statements_covered": 0.0, "percent_statements_covered_display": "0"}, "missing_lines": [51], "excluded_lines": [], "start_line": 49}, "LongRide.midpoint": {"executed_lines": [], "summary": {"covered_lines": 0, "num_statements": 4, "percent_covered": 0.0, "percent_covered_display": "0", "missing_lines": 4, "excluded_lines": 0, "percent_statements_covered": 0.0, "percent_statements_covered_display": "0"}, "missing_lines": [56, 57, 58, 59], "excluded_lines": [], "start_line": 54}, "LongRideAnalyzer.__init__": {"executed_lines": [], "summary": {"covered_lines": 0, "num_statements": 4, "percent_covered": 0.0, "percent_covered_display": "0", "missing_lines": 4, "excluded_lines": 0, "percent_statements_covered": 0.0, "percent_statements_covered_display": "0"}, "missing_lines": [86, 87, 88, 89], "excluded_lines": [], "start_line": 78}, "LongRideAnalyzer.classify_activities": {"executed_lines": [], "summary": {"covered_lines": 0, "num_statements": 24, "percent_covered": 0.0, "percent_covered_display": "0", "missing_lines": 24, "excluded_lines": 0, "percent_statements_covered": 0.0, "percent_statements_covered_display": "0"}, "missing_lines": [101, 104, 105, 107, 108, 111, 112, 115, 116, 117, 120, 121, 124, 125, 126, 127, 128, 129, 132, 133, 134, 136, 138, 140], "excluded_lines": [], "start_line": 91}, "LongRideAnalyzer.group_rides_by_name": {"executed_lines": [], "summary": {"covered_lines": 0, "num_statements": 16, "percent_covered": 0.0, "percent_covered_display": "0", "missing_lines": 16, "excluded_lines": 0, "percent_statements_covered": 0.0, "percent_statements_covered_display": "0"}, "missing_lines": [152, 153, 155, 157, 158, 159, 162, 164, 165, 166, 169, 170, 173, 174, 175, 177], "excluded_lines": [], "start_line": 141}, "LongRideAnalyzer.consolidate_named_groups": {"executed_lines": [], "summary": {"covered_lines": 0, "num_statements": 20, "percent_covered": 0.0, "percent_covered_display": "0", "missing_lines": 20, "excluded_lines": 0, "percent_statements_covered": 0.0, "percent_statements_covered_display": "0"}, "missing_lines": [190, 192, 194, 197, 199, 201, 202, 204, 207, 208, 212, 214, 216, 232, 233, 235, 236, 237, 239, 241], "excluded_lines": [], "start_line": 179}, "LongRideAnalyzer.match_unnamed_rides_to_groups": {"executed_lines": [], "summary": {"covered_lines": 0, "num_statements": 43, "percent_covered": 0.0, "percent_covered_display": "0", "missing_lines": 43, "excluded_lines": 0, "percent_statements_covered": 0.0, "percent_statements_covered_display": "0"}, "missing_lines": [257, 258, 261, 262, 264, 265, 266, 267, 268, 269, 270, 271, 274, 275, 276, 277, 279, 281, 284, 285, 287, 289, 290, 293, 299, 301, 302, 303, 304, 305, 306, 309, 310, 311, 312, 314, 316, 317, 318, 319, 321, 322, 324], "excluded_lines": [], "start_line": 242}, "LongRideAnalyzer.generate_fallback_names": {"executed_lines": [], "summary": {"covered_lines": 0, "num_statements": 22, "percent_covered": 0.0, "percent_covered_display": "0", "missing_lines": 22, "excluded_lines": 0, "percent_statements_covered": 0.0, "percent_statements_covered_display": "0"}, "missing_lines": [337, 339, 340, 341, 342, 345, 346, 348, 349, 350, 351, 353, 355, 357, 359, 360, 361, 363, 364, 365, 367, 369], "excluded_lines": [], "start_line": 326}, "LongRideAnalyzer.extract_long_rides": {"executed_lines": [], "summary": {"covered_lines": 0, "num_statements": 15, "percent_covered": 0.0, "percent_covered_display": "0", "missing_lines": 15, "excluded_lines": 0, "percent_statements_covered": 0.0, "percent_statements_covered_display": "0"}, "missing_lines": [383, 385, 386, 388, 389, 392, 395, 399, 401, 416, 418, 419, 420, 422, 424], "excluded_lines": [], "start_line": 373}, "LongRideAnalyzer.find_rides_near_location": {"executed_lines": [], "summary": {"covered_lines": 0, "num_statements": 12, "percent_covered": 0.0, "percent_covered_display": "0", "missing_lines": 12, "excluded_lines": 0, "percent_statements_covered": 0.0, "percent_statements_covered_display": "0"}, "missing_lines": [441, 442, 444, 446, 448, 449, 450, 453, 454, 455, 457, 459], "excluded_lines": [], "start_line": 426}, "LongRideAnalyzer.calculate_wind_score": {"executed_lines": [], "summary": {"covered_lines": 0, "num_statements": 38, "percent_covered": 0.0, "percent_covered_display": "0", "missing_lines": 38, "excluded_lines": 0, "percent_statements_covered": 0.0, "percent_statements_covered_display": "0"}, "missing_lines": [473, 474, 476, 478, 482, 483, 485, 486, 487, 489, 490, 491, 493, 494, 497, 503, 506, 507, 508, 509, 510, 511, 512, 513, 514, 516, 517, 519, 527, 528, 530, 533, 534, 538, 541, 542, 545, 557], "excluded_lines": [], "start_line": 461}, "LongRideAnalyzer._get_wind_recommendation": {"executed_lines": [], "summary": {"covered_lines": 0, "num_statements": 11, "percent_covered": 0.0, "percent_covered_display": "0", "missing_lines": 11, "excluded_lines": 0, "percent_statements_covered": 0.0, "percent_statements_covered_display": "0"}, "missing_lines": [572, 573, 575, 576, 577, 579, 580, 581, 582, 583, 585], "excluded_lines": [], "start_line": 559}, "LongRideAnalyzer.format_wind_analysis": {"executed_lines": [], "summary": {"covered_lines": 0, "num_statements": 23, "percent_covered": 0.0, "percent_covered_display": "0", "missing_lines": 23, "excluded_lines": 0, "percent_statements_covered": 0.0, "percent_statements_covered_display": "0"}, "missing_lines": [597, 598, 600, 601, 603, 604, 605, 606, 607, 610, 612, 613, 616, 623, 624, 625, 626, 627, 628, 630, 631, 634, 636], "excluded_lines": [], "start_line": 587}, "LongRideAnalyzer._calculate_bearing": {"executed_lines": [], "summary": {"covered_lines": 0, "num_statements": 8, "percent_covered": 0.0, "percent_covered_display": "0", "missing_lines": 8, "excluded_lines": 0, "percent_statements_covered": 0.0, "percent_statements_covered_display": "0"}, "missing_lines": [650, 651, 653, 655, 656, 658, 659, 661], "excluded_lines": [], "start_line": 638}, "LongRideAnalyzer.get_ride_recommendations": {"executed_lines": [], "summary": {"covered_lines": 0, "num_statements": 37, "percent_covered": 0.0, "percent_covered_display": "0", "missing_lines": 37, "excluded_lines": 0, "percent_statements_covered": 0.0, "percent_statements_covered_display": "0"}, "missing_lines": [681, 683, 684, 685, 688, 689, 690, 691, 692, 694, 696, 698, 704, 705, 707, 708, 711, 712, 713, 714, 715, 716, 717, 718, 720, 722, 725, 726, 727, 728, 731, 732, 737, 746, 749, 754, 756], "excluded_lines": [], "start_line": 663}, "": {"executed_lines": [], "summary": {"covered_lines": 0, "num_statements": 43, "percent_covered": 0.0, "percent_covered_display": "0", "missing_lines": 43, "excluded_lines": 0, "percent_statements_covered": 0.0, "percent_statements_covered_display": "0"}, "missing_lines": [7, 8, 9, 10, 12, 13, 14, 15, 16, 18, 19, 20, 21, 23, 26, 27, 41, 43, 44, 48, 49, 53, 54, 62, 63, 69, 70, 71, 72, 75, 78, 91, 141, 179, 242, 326, 373, 426, 461, 559, 587, 638, 663], "excluded_lines": [], "start_line": 1}}, "classes": {"LongRide": {"executed_lines": [], "summary": {"covered_lines": 0, "num_statements": 6, "percent_covered": 0.0, "percent_covered_display": "0", "missing_lines": 6, "excluded_lines": 0, "percent_statements_covered": 0.0, "percent_statements_covered_display": "0"}, "missing_lines": [46, 51, 56, 57, 58, 59], "excluded_lines": [], "start_line": 27}, "RideRecommendation": {"executed_lines": [], "summary": {"covered_lines": 0, "num_statements": 0, "percent_covered": 100.0, "percent_covered_display": "100", "missing_lines": 0, "excluded_lines": 0, "percent_statements_covered": 100.0, "percent_statements_covered_display": "100"}, "missing_lines": [], "excluded_lines": [], "start_line": 63}, "LongRideAnalyzer": {"executed_lines": [], "summary": {"covered_lines": 0, "num_statements": 273, "percent_covered": 0.0, "percent_covered_display": "0", "missing_lines": 273, "excluded_lines": 0, "percent_statements_covered": 0.0, "percent_statements_covered_display": "0"}, "missing_lines": [86, 87, 88, 89, 101, 104, 105, 107, 108, 111, 112, 115, 116, 117, 120, 121, 124, 125, 126, 127, 128, 129, 132, 133, 134, 136, 138, 140, 152, 153, 155, 157, 158, 159, 162, 164, 165, 166, 169, 170, 173, 174, 175, 177, 190, 192, 194, 197, 199, 201, 202, 204, 207, 208, 212, 214, 216, 232, 233, 235, 236, 237, 239, 241, 257, 258, 261, 262, 264, 265, 266, 267, 268, 269, 270, 271, 274, 275, 276, 277, 279, 281, 284, 285, 287, 289, 290, 293, 299, 301, 302, 303, 304, 305, 306, 309, 310, 311, 312, 314, 316, 317, 318, 319, 321, 322, 324, 337, 339, 340, 341, 342, 345, 346, 348, 349, 350, 351, 353, 355, 357, 359, 360, 361, 363, 364, 365, 367, 369, 383, 385, 386, 388, 389, 392, 395, 399, 401, 416, 418, 419, 420, 422, 424, 441, 442, 444, 446, 448, 449, 450, 453, 454, 455, 457, 459, 473, 474, 476, 478, 482, 483, 485, 486, 487, 489, 490, 491, 493, 494, 497, 503, 506, 507, 508, 509, 510, 511, 512, 513, 514, 516, 517, 519, 527, 528, 530, 533, 534, 538, 541, 542, 545, 557, 572, 573, 575, 576, 577, 579, 580, 581, 582, 583, 585, 597, 598, 600, 601, 603, 604, 605, 606, 607, 610, 612, 613, 616, 623, 624, 625, 626, 627, 628, 630, 631, 634, 636, 650, 651, 653, 655, 656, 658, 659, 661, 681, 683, 684, 685, 688, 689, 690, 691, 692, 694, 696, 698, 704, 705, 707, 708, 711, 712, 713, 714, 715, 716, 717, 718, 720, 722, 725, 726, 727, 728, 731, 732, 737, 746, 749, 754, 756], "excluded_lines": [], "start_line": 75}, "": {"executed_lines": [], "summary": {"covered_lines": 0, "num_statements": 43, "percent_covered": 0.0, "percent_covered_display": "0", "missing_lines": 43, "excluded_lines": 0, "percent_statements_covered": 0.0, "percent_statements_covered_display": "0"}, "missing_lines": [7, 8, 9, 10, 12, 13, 14, 15, 16, 18, 19, 20, 21, 23, 26, 27, 41, 43, 44, 48, 49, 53, 54, 62, 63, 69, 70, 71, 72, 75, 78, 91, 141, 179, 242, 326, 373, 426, 461, 559, 587, 638, 663], "excluded_lines": [], "start_line": 1}}}, "src/next_commute_recommender.py": {"executed_lines": [], "summary": {"covered_lines": 0, "num_statements": 179, "percent_covered": 0.0, "percent_covered_display": "0", "missing_lines": 179, "excluded_lines": 0, "percent_statements_covered": 0.0, "percent_statements_covered_display": "0"}, "missing_lines": [11, 12, 13, 14, 16, 17, 18, 20, 23, 24, 37, 40, 54, 55, 56, 57, 58, 61, 62, 65, 73, 74, 77, 78, 79, 80, 83, 84, 85, 87, 89, 90, 92, 93, 95, 96, 97, 99, 100, 101, 102, 104, 105, 106, 107, 108, 110, 111, 112, 114, 116, 126, 128, 129, 131, 132, 133, 134, 136, 137, 138, 139, 140, 141, 143, 154, 155, 157, 159, 161, 162, 164, 167, 169, 186, 187, 189, 191, 192, 193, 195, 199, 200, 201, 204, 205, 206, 209, 211, 213, 214, 215, 218, 219, 228, 233, 235, 236, 237, 239, 251, 252, 253, 256, 257, 259, 260, 261, 262, 265, 266, 268, 269, 272, 273, 275, 276, 277, 278, 279, 282, 283, 285, 286, 288, 289, 296, 297, 299, 300, 302, 304, 305, 306, 308, 311, 316, 317, 320, 327, 335, 336, 338, 340, 350, 351, 354, 356, 357, 359, 362, 363, 370, 371, 374, 375, 382, 383, 385, 387, 404, 405, 407, 408, 409, 413, 414, 416, 421, 422, 423, 426, 429, 431, 432, 435, 438, 439, 441], "excluded_lines": [], "functions": {"NextCommuteRecommender.__init__": {"executed_lines": [], "summary": {"covered_lines": 0, "num_statements": 17, "percent_covered": 0.0, "percent_covered_display": "0", "missing_lines": 17, "excluded_lines": 0, "percent_statements_covered": 0.0, "percent_statements_covered_display": "0"}, "missing_lines": [54, 55, 56, 57, 58, 61, 62, 65, 73, 74, 77, 78, 79, 80, 83, 84, 85], "excluded_lines": [], "start_line": 40}, "NextCommuteRecommender._calculate_all_metrics": {"executed_lines": [], "summary": {"covered_lines": 0, "num_statements": 21, "percent_covered": 0.0, "percent_covered_display": "0", "missing_lines": 21, "excluded_lines": 0, "percent_statements_covered": 0.0, "percent_statements_covered_display": "0"}, "missing_lines": [89, 90, 92, 93, 95, 96, 97, 99, 100, 101, 102, 104, 105, 106, 107, 108, 110, 111, 112, 114, 116], "excluded_lines": [], "start_line": 87}, "NextCommuteRecommender._find_normalization_bounds": {"executed_lines": [], "summary": {"covered_lines": 0, "num_statements": 12, "percent_covered": 0.0, "percent_covered_display
[...]
lines": [59, 96, 126, 127, 129, 133, 162, 163, 165, 169, 198, 199, 201, 205], "excluded_lines": [], "start_line": 12}, "": {"executed_lines": [7, 9, 12, 15, 24, 42, 57, 61, 79, 94, 98, 116, 131, 135, 152, 167, 171, 188, 203], "summary": {"covered_lines": 19, "num_statements": 19, "percent_covered": 100.0, "percent_covered_display": "100", "missing_lines": 0, "excluded_lines": 0, "percent_statements_covered": 100.0, "percent_statements_covered_display": "100"}, "missing_lines": [], "excluded_lines": [], "start_line": 1}}}, "src/visualizer.py": {"executed_lines": [], "summary": {"covered_lines": 0, "num_statements": 218, "percent_covered": 0.0, "percent_covered_display": "0", "missing_lines": 218, "excluded_lines": 0, "percent_statements_covered": 0.0, "percent_statements_covered_display": "0"}, "missing_lines": [10, 11, 13, 14, 15, 17, 18, 19, 20, 22, 25, 28, 43, 44, 45, 46, 47, 48, 49, 50, 51, 52, 53, 56, 57, 59, 67, 68, 71, 74, 84, 92, 101, 108, 110, 112, 125, 126, 129, 131, 132, 133, 136, 137, 142, 145, 148, 151, 154, 157, 160, 163, 175, 177, 179, 180, 183, 191, 198, 200, 202, 203, 205, 206, 207, 209, 211, 212, 214, 216, 217, 218, 221, 222, 223, 224, 226, 227, 230, 231, 232, 233, 235, 236, 239, 240, 243, 244, 245, 246, 248, 249, 252, 284, 286, 289, 290, 292, 294, 295, 298, 300, 301, 303, 304, 306, 308, 316, 318, 330, 333, 334, 336, 337, 339, 340, 341, 344, 346, 370, 372, 387, 390, 391, 394, 395, 398, 399, 401, 402, 409, 412, 415, 416, 417, 419, 420, 421, 423, 424, 425, 428, 430, 431, 434, 437, 440, 443, 444, 445, 448, 451, 454, 456, 467, 468, 470, 479, 487, 488, 490, 491, 494, 503, 506, 512, 519, 520, 536, 538, 540, 547, 549, 551, 552, 555, 556, 557, 558, 560, 561, 564, 565, 568, 570, 572, 584, 585, 588, 591, 764, 765, 767, 769, 771, 772, 775, 776, 777, 779, 780, 781, 782, 784, 785, 792, 794, 1258, 1259, 1261, 1263, 1270, 1272, 1282, 1297, 1298, 1307, 1313], "excluded_lines": [], "functions": {"RouteVisualizer.__init__": {"executed_lines": [], "summary": {"covered_lines": 0, "num_statements": 13, "percent_covered": 0.0, "percent_covered_display": "0", "missing_lines": 13, "excluded_lines": 0, "percent_statements_covered": 0.0, "percent_statements_covered_display": "0"}, "missing_lines": [43, 44, 45, 46, 47, 48, 49, 50, 51, 52, 53, 56, 57], "excluded_lines": [], "start_line": 28}, "RouteVisualizer.create_base_map": {"executed_lines": [], "summary": {"covered_lines": 0, "num_statements": 9, "percent_covered": 0.0, "percent_covered_display": "0", "missing_lines": 9, "excluded_lines": 0, "percent_statements_covered": 0.0, "percent_statements_covered_display": "0"}, "missing_lines": [67, 68, 71, 74, 84, 92, 101, 108, 110], "excluded_lines": [], "start_line": 59}, "RouteVisualizer.add_route_layer": {"executed_lines": [], "summary": {"covered_lines": 0, "num_statements": 17, "percent_covered": 0.0, "percent_covered_display": "0", "missing_lines": 17, "excluded_lines": 0, "percent_statements_covered": 0.0, "percent_statements_covered_display": "0"}, "missing_lines": [125, 126, 129, 131, 132, 133, 136, 137, 142, 145, 148, 151, 154, 157, 160, 163, 175], "excluded_lines": [], "start_line": 112}, "RouteVisualizer.add_location_markers": {"executed_lines": [], "summary": {"covered_lines": 0, "num_statements": 5, "percent_covered": 0.0, "percent_covered_display": "0", "missing_lines": 5, "excluded_lines": 0, "percent_statements_covered": 0.0, "percent_statements_covered_display": "0"}, "missing_lines": [179, 180, 183, 191, 198], "excluded_lines": [], "start_line": 177}, "RouteVisualizer.add_weather_display": {"executed_lines": [], "summary": {"covered_lines": 0, "num_statements": 37, "percent_covered": 0.0, "percent_covered_display": "0", "missing_lines": 37, "excluded_lines": 0, "percent_statements_covered": 0.0, "percent_statements_covered_display": "0"}, "missing_lines": [202, 203, 205, 206, 207, 209, 211, 212, 214, 216, 217, 218, 221, 222, 223, 224, 226, 227, 230, 231, 232, 233, 235, 236, 239, 240, 243, 244, 245, 246, 248, 249, 252, 284, 286, 289, 290], "excluded_lines": [], "start_line": 200}, "RouteVisualizer.add_heatmap_layer": {"executed_lines": [], "summary": {"covered_lines": 0, "num_statements": 10, "percent_covered": 0.0, "percent_covered_display": "0", "missing_lines": 10, "excluded_lines": 0, "percent_statements_covered": 0.0, "percent_statements_covered_display": "0"}, "missing_lines": [294, 295, 298, 300, 301, 303, 304, 306, 308, 316], "excluded_lines": [], "start_line": 292}, "RouteVisualizer._create_popup_html": {"executed_lines": [], "summary": {"covered_lines": 0, "num_statements": 11, "percent_covered": 0.0, "percent_covered_display": "0", "missing_lines": 11, "excluded_lines": 0, "percent_statements_covered": 0.0, "percent_statements_covered_display": "0"}, "missing_lines": [330, 333, 334, 336, 337, 339, 340, 341, 344, 346, 370], "excluded_lines": [], "start_line": 318}, "RouteVisualizer.generate_map": {"executed_lines": [], "summary": {"covered_lines": 0, "num_statements": 32, "percent_covered": 0.0, "percent_covered_display": "0", "missing_lines": 32, "excluded_lines": 0, "percent_statements_covered": 0.0, "percent_statements_covered_display": "0"}, "missing_lines": [387, 390, 391, 394, 395, 398, 399, 401, 402, 409, 412, 415, 416, 417, 419, 420, 421, 423, 424, 425, 428, 430, 431, 434, 437, 440, 443, 444, 445, 448, 451, 454], "excluded_lines": [], "start_line": 372}, "RouteVisualizer.generate_preview_map": {"executed_lines": [], "summary": {"covered_lines": 0, "num_statements": 16, "percent_covered": 0.0, "percent_covered_display": "0", "missing_lines": 16, "excluded_lines": 0, "percent_statements_covered": 0.0, "percent_statements_covered_display": "0"}, "missing_lines": [467, 468, 470, 479, 487, 488, 490, 491, 494, 503, 506, 512, 519, 520, 536, 538], "excluded_lines": [], "start_line": 456}, "RouteVisualizer.get_route_colors": {"executed_lines": [], "summary": {"covered_lines": 0, "num_statements": 1, "percent_covered": 0.0, "percent_covered_display": "0", "missing_lines": 1, "excluded_lines": 0, "percent_statements_covered": 0.0, "percent_statements_covered_display": "0"}, "missing_lines": [547], "excluded_lines": [], "start_line": 540}, "RouteVisualizer._add_long_rides_javascript": {"executed_lines": [], "summary": {"covered_lines": 0, "num_statements": 20, "percent_covered": 0.0, "percent_covered_display": "0", "missing_lines": 20, "excluded_lines": 0, "percent_statements_covered": 0.0, "percent_statements_covered_display": "0"}, "missing_lines": [551, 552, 555, 556, 557, 558, 560, 561, 564, 565, 568, 570, 572, 584, 585, 588, 591, 764, 765, 767], "excluded_lines": [], "start_line": 549}, "RouteVisualizer._add_route_interaction_javascript": {"executed_lines": [], "summary": {"covered_lines": 0, "num_statements": 16, "percent_covered": 0.0, "percent_covered_display": "0", "missing_lines": 16, "excluded_lines": 0, "percent_statements_covered": 0.0, "percent_statements_covered_display": "0"}, "missing_lines": [771, 772, 775, 776, 777, 779, 780, 781, 782, 784, 785, 792, 794, 1258, 1259, 1261], "excluded_lines": [], "start_line": 769}, "RouteVisualizer.get_route_names": {"executed_lines": [], "summary": {"covered_lines": 0, "num_statements": 1, "percent_covered": 0.0, "percent_covered_display": "0", "missing_lines": 1, "excluded_lines": 0, "percent_statements_covered": 0.0, "percent_statements_covered_display": "0"}, "missing_lines": [1270], "excluded_lines": [], "start_line": 1263}, "RouteVisualizer.create_legend_html": {"executed_lines": [], "summary": {"covered_lines": 0, "num_statements": 5, "percent_covered": 0.0, "percent_covered_display": "0", "missing_lines": 5, "excluded_lines": 0, "percent_statements_covered": 0.0, "percent_statements_covered_display": "0"}, "missing_lines": [1282, 1297, 1298, 1307, 1313], "excluded_lines": [], "start_line": 1272}, "": {"executed_lines": [], "summary": {"covered_lines": 0, "num_statements": 25, "percent_covered": 0.0, "percent_covered_display": "0", "missing_lines": 25, "excluded_lines": 0, "percent_statements_covered": 0.0, "percent_statements_covered_display": "0"}, "missing_lines": [10, 11, 13, 14, 15, 17, 18, 19, 20, 22, 25, 28, 59, 112, 177, 200, 292, 318, 372, 456, 540, 549, 769, 1263, 1272], "excluded_lines": [], "start_line": 1}}, "classes": {"RouteVisualizer": {"executed_lines": [], "summary": {"covered_lines": 0, "num_statements": 193, "percent_covered": 0.0, "percent_covered_display": "0", "missing_lines": 193, "excluded_lines": 0, "percent_statements_covered": 0.0, "percent_statements_covered_display": "0"}, "missing_lines": [43, 44, 45, 46, 47, 48, 49, 50, 51, 52, 53, 56, 57, 67, 68, 71, 74, 84, 92, 101, 108, 110, 125, 126, 129, 131, 132, 133, 136, 137, 142, 145, 148, 151, 154, 157, 160, 163, 175, 179, 180, 183, 191, 198, 202, 203, 205, 206, 207, 209, 211, 212, 214, 216, 217, 218, 221, 222, 223, 224, 226, 227, 230, 231, 232, 233, 235, 236, 239, 240, 243, 244, 245, 246, 248, 249, 252, 284, 286, 289, 290, 294, 295, 298, 300, 301, 303, 304, 306, 308, 316, 330, 333, 334, 336, 337, 339, 340, 341, 344, 346, 370, 387, 390, 391, 394, 395, 398, 399, 401, 402, 409, 412, 415, 416, 417, 419, 420, 421, 423, 424, 425, 428, 430, 431, 434, 437, 440, 443, 444, 445, 448, 451, 454, 467, 468, 470, 479, 487, 488, 490, 491, 494, 503, 506, 512, 519, 520, 536, 538, 547, 551, 552, 555, 556, 557, 558, 560, 561, 564, 565, 568, 570, 572, 584, 585, 588, 591, 764, 765, 767, 771, 772, 775, 776, 777, 779, 780, 781, 782, 784, 785, 792, 794, 1258, 1259, 1261, 1270, 1282, 1297, 1298, 1307, 1313], "excluded_lines": [], "start_line": 25}, "": {"executed_lines": [], "summary": {"covered_lines": 0, "num_statements": 25, "percent_covered": 0.0, "percent_covered_display": "0", "missing_lines": 25, "excluded_lines": 0, "percent_statements_covered": 0.0, "percent_statements_covered_display": "0"}, "missing_lines": [10, 11, 13, 14, 15, 17, 18, 19, 20, 22, 25, 28, 59, 112, 177, 200, 292, 318, 372, 456, 540, 549, 769, 1263, 1272], "excluded_lines": [], "start_line": 1}}}, "src/weather_fetcher.py": {"executed_lines": [8, 9, 10, 11, 12, 13, 14, 15, 16, 17, 18, 20, 23, 26, 36, 37, 38, 39, 42, 43, 44, 45, 51, 52, 54, 61, 65, 66, 67, 70, 71, 73, 74, 79, 80, 86, 106, 117, 119, 120, 123, 124, 132, 133, 134, 135, 138, 142, 154, 155, 156, 210, 262, 315, 325, 329, 335, 336, 337, 338, 339, 341, 346, 347, 359, 362, 364, 365, 380, 381, 434, 437, 438, 450, 451, 453, 455, 456, 458, 459, 461, 463, 464, 482, 485, 489, 493, 494, 496, 502, 520, 524, 525, 530, 531, 534, 536, 537, 538, 542, 543, 544, 547, 548, 549, 552, 555, 560, 562, 563, 564, 567, 569, 570, 571, 580, 583, 586, 587, 593, 604, 606], "summary": {"covered_lines": 122, "num_statements": 230, "percent_covered": 53.04347826086956, "percent_covered_display": "53", "missing_lines": 108, "excluded_lines": 0, "percent_statements_covered": 53.04347826086956, "percent_statements_covered_display": "53"}, "missing_lines": [47, 48, 62, 63, 82, 83, 84, 88, 90, 91, 92, 93, 98, 99, 101, 103, 104, 126, 127, 129, 140, 158, 159, 168, 169, 171, 173, 174, 176, 178, 179, 192, 196, 202, 204, 206, 207, 208, 223, 224, 234, 235, 237, 239, 240, 242, 243, 245, 246, 254, 256, 258, 259, 260, 274, 275, 285, 286, 288, 290, 291, 293, 294, 296, 297, 306, 308, 309, 311, 312, 313, 326, 342, 343, 375, 377, 378, 400, 401, 404, 405, 406, 407, 408, 409, 410, 411, 412, 413, 414, 415, 416, 417, 418, 420, 421, 422, 423, 425, 486, 521, 532, 573, 574, 581, 588, 589, 591], "excluded_lines": [], "functions": {"WeatherFetcher.__init__": {"executed_lines": [36, 37, 38, 39, 42, 43, 44, 45, 51, 52], "summary": {"covered_lines": 10, "num_statements": 12, "percent_covered": 83.33333333333333, "percent_covered_display": "83", "missing_lines": 2, "excluded_lines": 0, "percent_statements_covered": 83.33333333333333, "percent_statements_covered_display": "83"}, "missing_lines": [47, 48], "excluded_lines": [], "start_line": 26}, "WeatherFetcher._load_cache": {"executed_lines": [61, 65, 66, 67, 70, 71, 73, 74, 79, 80], "summary": {"covered_lines": 10, "num_statements": 15, "percent_covered": 66.66666666666667, "percent_covered_display": "67", "missing_lines": 5, "excluded_lines": 0, "percent_statements_covered": 66.66666666666667, "percent_statements_covered_display": "67"}, "missing_lines": [62, 63, 82, 83, 84], "excluded_lines": [], "start_line": 54}, "WeatherFetcher._save_cache": {"executed_lines": [], "summary": {"covered_lines": 0, "num_statements": 10, "percent_covered": 0.0, "percent_covered_display": "0", "missing_lines": 10, "excluded_lines": 0, "percent_statements_covered": 0.0, "percent_statements_covered_display": "0"}, "missing_lines": [88, 90, 91, 92, 93, 98, 99, 101, 103, 104], "excluded_lines": [], "start_line": 86}, "WeatherFetcher._find_cached_weather": {"executed_lines": [117, 119, 120, 123, 124, 132, 133, 134, 135, 138], "summary": {"covered_lines": 10, "num_statements": 14, "percent_covered": 71.42857142857143, "percent_covered_display": "71", "missing_lines": 4, "excluded_lines": 0, "percent_statements_covered": 71.42857142857143, "percent_statements_covered_display": "71"}, "missing_lines": [126, 127, 129, 140], "excluded_lines": [], "start_line": 106}, "WeatherFetcher.get_current_conditions": {"executed_lines": [154, 155, 156], "summary": {"covered_lines": 3, "num_statements": 20, "percent_covered": 15.0, "percent_covered_display": "15", "missing_lines": 17, "excluded_lines": 0, "percent_statements_covered": 15.0, "percent_statements_covered_display": "15"}, "missing_lines": [158, 159, 168, 169, 171, 173, 174, 176, 178, 179, 192, 196, 202, 204, 206, 207, 208], "excluded_lines": [], "start_line": 142}, "WeatherFetcher.get_hourly_forecast": {"executed_lines": [], "summary": {"covered_lines": 0, "num_statements": 16, "percent_covered": 0.0, "percent_covered_display": "0", "missing_lines": 16, "excluded_lines": 0, "percent_statements_covered": 0.0, "percent_statements_covered_display": "0"}, "missing_lines": [223, 224, 234, 235, 237, 239, 240, 242, 243, 245, 246, 254, 256, 258, 259, 260], "excluded_lines": [], "start_line": 210}, "WeatherFetcher.get_daily_forecast": {"executed_lines": [], "summary": {"covered_lines": 0, "num_statements": 17, "percent_covered": 0.0, "percent_covered_display": "0", "missing_lines": 17, "excluded_lines": 0, "percent_statements_covered": 0.0, "percent_statements_covered_display": "0"}, "missing_lines": [274, 275, 285, 286, 288, 290, 291, 293, 294, 296, 297, 306, 308, 309, 311, 312, 313], "excluded_lines": [], "start_line": 262}, "WeatherFetcher.get_route_weather": {"executed_lines": [325, 329, 335, 336, 337, 338, 339, 341, 346, 347, 359, 362], "summary": {"covered_lines": 12, "num_statements": 15, "percent_covered": 80.0, "percent_covered_display": "80", "missing_lines": 3, "excluded_lines": 0, "percent_statements_covered": 80.0, "percent_statements_covered_display": "80"}, "missing_lines": [326, 342, 343], "excluded_lines": [], "start_line": 315}, "WeatherFetcher.degrees_to_cardinal": {"executed_lines": [], "summary": {"covered_lines": 0, "num_statements": 3, "percent_covered": 0.0, "percent_covered_display": "0", "missing_lines": 3, "excluded_lines": 0, "percent_statements_covered": 0.0, "percent_statements_covered_display": "0"}, "missing_lines": [375, 377, 378], "excluded_lines": [], "start_line": 365}, "WeatherFetcher.get_prevailing_wind_direction": {"executed_lines": [], "summary": {"covered_lines": 0, "num_statements": 22, "percent_covered": 0.0, "percent_covered_display": "0", "missing_lines": 22, "excluded_lines": 0, "percent_statements_covered": 0.0, "percent_statements_covered_display": "0"}, "missing_lines": [400, 401, 404, 405, 406, 407, 408, 409, 410, 411, 412, 413, 414, 415, 416, 417, 418, 420, 421, 422, 423, 425], "excluded_lines": [], "start_line": 381}, "WindImpactCalculator.calculate_bearing": {"executed_lines": [450, 451, 453, 455, 456, 458, 459, 461], "summary": {"covered_lines": 8, "num_statements": 8, "percent_covered": 100.0, "percent_covered_display": "100", "missing_lines": 0, "excluded_lines": 0, "percent_statements_covered": 100.0, "percent_statements_covered_display": "100"}, "missing_lines": [], "excluded_lines": [], "start_line": 438}, "WindImpactCalculator.calculate_wind_component": {"executed_lines": [482, 485, 489, 493, 494, 496], "summary": {"covered_lines": 6, "num_statements": 7, "percent_covered": 85.71428571428571, "percent_covered_display": "86", "missing_lines": 1, "excluded_lines": 0, "percent_statements_covered": 85.71428571428571, "percent_statements_covered_display": "86"}, "missing_lines": [486], "excluded_lines": [], "start_line": 464}, "WindImpactCalculator.analyze_route_wind_impact": {"executed_lines": [520, 524, 525, 530, 531, 534, 536, 537, 538, 542, 543, 544, 547, 548, 549, 552, 555, 560, 562, 563, 564, 567, 569, 570, 571, 580, 583, 586, 587, 593, 604, 606], "summary": {"covered_lines": 32, "num_statements": 40, "percent_covered": 80.0, "percent_covered_display": "80", "missing_lines": 8, "excluded_lines": 0, "percent_statements_covered": 80.0, "percent_statements_covered_display": "80"}, "missing_lines": [521, 532, 573, 574, 581, 588, 589, 591], "excluded_lines": [], "start_line": 502}, "": {"executed_lines": [8, 9, 10, 11, 12, 13, 14, 15, 16, 17, 18, 20, 23, 26, 54, 86, 106, 142, 210, 262, 315, 364, 365, 380, 381, 434, 437, 438, 463, 464, 502], "summary": {"covered_lines": 31, "num_statements": 31, "percent_covered": 100.0, "percent_covered_display": "100", "missing_lines": 0, "excluded_lines": 0, "percent_statements_covered": 100.0, "percent_statements_covered_display": "100"}, "missing_lines": [], "excluded_lines": [], "start_line": 1}}, "classes": {"WeatherFetcher": {"executed_lines": [36, 37, 38, 39, 42, 43, 44, 45, 51, 52, 61, 65, 66, 67, 70, 71, 73, 74, 79, 80, 117, 119, 120, 123, 124, 132, 133, 134, 135, 138, 154, 155, 156, 325, 329, 335, 336, 337, 338, 339, 341, 346, 347, 359, 362], "summary": {"covered_lines": 45, "num_statements": 144, "percent_covered": 31.25, "percent_covered_display": "31", "missing_lines": 99, "excluded_lines": 0, "percent_statements_covered": 31.25, "percent_statements_covered_display": "31"}, "missing_lines": [47, 48, 62, 63, 82, 83, 84, 88, 90, 91, 92, 93, 98, 99, 101, 103, 104, 126, 127, 129, 140, 158, 159, 168, 169, 171, 173, 174, 176, 178, 179, 192, 196, 202, 204, 206, 207, 208, 223, 224, 234, 235, 237, 239, 240, 242, 243, 245, 246, 254, 256, 258, 259, 260, 274, 275, 285, 286, 288, 290, 291, 293, 294, 296, 297, 306, 308, 309, 311, 312, 313, 326, 342, 343, 375, 377, 378, 400, 401, 404, 405, 406, 407, 408, 409, 410, 411, 412, 413, 414, 415, 416, 417, 418, 420, 421, 422, 423, 425], "excluded_lines": [], "start_line": 23}, "WindImpactCalculator": {"executed_lines": [450, 451, 453, 455, 456, 458, 459, 461, 482, 485, 489, 493, 494, 496, 520, 524, 525, 530, 531, 534, 536, 537, 538, 542, 543, 544, 547, 548, 549, 552, 555, 560, 562, 563, 564, 567, 569, 570, 571, 580, 583, 586, 587, 593, 604, 606], "summary": {"covered_lines": 46, "num_statements": 55, "percent_covered": 83.63636363636364, "percent_covered_display": "84", "missing_lines": 9, "excluded_lines": 0, "percent_statements_covered": 83.63636363636364, "percent_statements_covered_display": "84"}, "missing_lines": [486, 521, 532, 573, 574, 581, 588, 589, 591], "excluded_lines": [], "start_line": 434}, "": {"executed_lines": [8, 9, 10, 11, 12, 13, 14, 15, 16, 17, 18, 20, 23, 26, 54, 86, 106, 142, 210, 262, 315, 364, 365, 380, 381, 434, 437, 438, 463, 464, 502], "summary": {"covered_lines": 31, "num_statements": 31, "percent_covered": 100.0, "percent_covered_display": "100", "missing_lines": 0, "excluded_lines": 0, "percent_statements_covered": 100.0, "percent_statements_covered_display": "100"}, "missing_lines": [], "excluded_lines": [], "start_line": 1}}}}, "totals": {"covered_lines": 1205, "num_statements": 3984, "percent_covered": 30.245983935742974, "percent_covered_display": "30", "missing_lines": 2779, "excluded_lines": 0, "percent_statements_covered": 30.245983935742974, "percent_statements_covered_display": "30"}}